#
# There is insufficient memory for the Java Runtime Environment to continue.
# Native memory allocation (mmap) failed to map 279969792 bytes for Failed to commit area from 0x0000000092700000 to 0x00000000a3200000 of length 279969792.
# Possible reasons:
#   The system is out of physical RAM or swap space
#   The process is running with CompressedOops enabled, and the Java Heap may be blocking the growth of the native heap
# Possible solutions:
#   Reduce memory load on the system
#   Increase physical memory or swap space
#   Check if swap backing store is full
#   Decrease Java heap size (-Xmx/-Xms)
#   Decrease number of Java threads
#   Decrease Java thread stack sizes (-Xss)
#   Set larger code cache with -XX:ReservedCodeCacheSize=
#   JVM is running with Unscaled Compressed Oops mode in which the Java heap is
#     placed in the first 4GB address space. The Java Heap base address is the
#     maximum limit for the native heap growth. Please use -XX:HeapBaseMinAddress
#     to set the Java Heap base and to place the Java Heap above 4GB virtual address.
# This output file may be truncated or incomplete.
#
#  Out of Memory Error (./src/hotspot/os/windows/os_windows.cpp:3619), pid=18512, tid=15512
#
# JRE version: OpenJDK Runtime Environment (11.0.13) (build 11.0.13+0-b1751.21-8125866)
# Java VM: OpenJDK 64-Bit Server VM (11.0.13+0-b1751.21-8125866, mixed mode, tiered, compressed oops, g1 gc, windows-amd64)
# No core dump will be written. Minidumps are not enabled by default on client versions of Windows
#

---------------  S U M M A R Y ------------

Command Line: --add-opens=java.base/java.util=ALL-UNNAMED --add-opens=java.base/java.lang=ALL-UNNAMED --add-opens=java.base/java.lang.invoke=ALL-UNNAMED --add-opens=java.prefs/java.util.prefs=ALL-UNNAMED -Xmx2048m -Dfile.encoding=UTF-8 -Duser.country=IN -Duser.language=en -Duser.variant org.gradle.launcher.daemon.bootstrap.GradleDaemon 6.5

Host: AMD Ryzen 5 3500U with Radeon Vega Mobile Gfx  , 8 cores, 5G,  Windows 10 , 64 bit Build 19041 (10.0.19041.1889)
Time: Fri Oct 21 17:52:14 2022 India Standard Time elapsed time: 41.509289 seconds (0d 0h 0m 41s)

---------------  T H R E A D  ---------------

Current thread (0x00000283a1515800):  VMThread "VM Thread" [stack: 0x000000de16d00000,0x000000de16e00000] [id=15512]

Stack: [0x000000de16d00000,0x000000de16e00000]
[error occurred during error reporting (printing stack bounds), id 0xc0000005, EXCEPTION_ACCESS_VIOLATION (0xc0000005) at pc=0x000002838a41112d]

Native frames: (J=compiled Java code, j=interpreted, Vv=VM code, C=native code)
V  [jvm.dll+0x6100fa]
V  [jvm.dll+0x747090]
V  [jvm.dll+0x7486ad]
V  [jvm.dll+0x748ce5]
V  [jvm.dll+0x748c9b]
V  [jvm.dll+0x60f224]
V  [jvm.dll+0x60f9b8]
C  [ntdll.dll+0xa241f]
C  [ntdll.dll+0x514a4]
C  [ntdll.dll+0xa0f4e]
C  0x000002838a41112d

VM_Operation (0x000000de208f6fb0): G1CollectForAllocation, mode: safepoint, requested by thread 0x00000283a7ba8800


---------------  P R O C E S S  ---------------

Threads class SMR info:
_java_thread_list=0x00000283a4ba0d80, length=146, elements={
0x0000028385106800, 0x00000283a156e800, 0x00000283a1562800, 0x00000283a1d80800,
0x00000283a1d81800, 0x00000283a1d82800, 0x00000283a1d87000, 0x00000283a1d89800,
0x00000283a1d98000, 0x00000283a1f45800, 0x00000283a3cb6000, 0x00000283a202b800,
0x00000283a3bf5000, 0x00000283a3667000, 0x00000283a36b6800, 0x00000283a3b7b000,
0x00000283a39ce800, 0x00000283a3a44000, 0x00000283a4079000, 0x00000283a3c70800,
0x00000283a26fb800, 0x00000283a26fa000, 0x00000283a26fa800, 0x00000283a26f6000,
0x00000283a26f9000, 0x00000283a26fc800, 0x00000283a26f6800, 0x00000283a26f8000,
0x00000283a26f7800, 0x00000283a6546800, 0x00000283a6542800, 0x00000283a6547800,
0x00000283a6548800, 0x00000283a6549000, 0x00000283a6543800, 0x00000283a6544800,
0x00000283a6545000, 0x00000283a47dc800, 0x00000283a47d8000, 0x00000283a47d8800,
0x00000283a47dc000, 0x00000283a47d7000, 0x00000283a47de800, 0x00000283a47dd800,
0x00000283a47df000, 0x00000283a47d9800, 0x00000283a47da000, 0x00000283a47e0000,
0x00000283a47e0800, 0x00000283a47db000, 0x00000283a47e1800, 0x00000283a47e5000,
0x00000283a47e2800, 0x00000283a47e3000, 0x00000283a47e4000, 0x00000283a47e5800,
0x00000283a63d2800, 0x00000283a63d5800, 0x00000283a63d8000, 0x00000283a63d9000,
0x00000283a63d3800, 0x00000283a63d6800, 0x00000283a63da000, 0x00000283a63d4000,
0x00000283a63da800, 0x00000283a63d7800, 0x00000283a63d5000, 0x00000283a63df800,
0x00000283a63e0800, 0x00000283a63e1000, 0x00000283a63db800, 0x00000283a63de000,
0x00000283a63dc800, 0x00000283a63dd000, 0x00000283a63de800, 0x00000283a6b9d000,
0x00000283a6b9d800, 0x00000283a6b9c000, 0x00000283a6b9e800, 0x00000283a6b9f000,
0x00000283a6ba0000, 0x00000283a6ba1000, 0x00000283a6b9b000, 0x00000283a6ba3800,
0x00000283a6ba4000, 0x00000283a6ba2800, 0x00000283a6ba1800, 0x00000283a6ba5000,
0x00000283a6ba6000, 0x00000283a6ba7800, 0x00000283a6ba8000, 0x00000283a6ba9000,
0x00000283a6ba6800, 0x00000283a6baa000, 0x00000283a5e49800, 0x00000283a5e48000,
0x00000283a5e4b000, 0x00000283a5e4d000, 0x00000283a5e4a800, 0x00000283a5e4c000,
0x00000283a5e47000, 0x00000283a5e4d800, 0x00000283a5e4e800, 0x00000283a5e48800,
0x00000283a5e51800, 0x00000283a5e51000, 0x00000283a5e55000, 0x00000283a5e53800,
0x00000283a5e4f800, 0x00000283a5e50000, 0x00000283a5e54000, 0x00000283a5e56000,
0x00000283a5e52800, 0x00000283a6bdd800, 0x00000283a6bde800, 0x00000283a6be1000,
0x00000283a6bdf800, 0x00000283a6bdb000, 0x00000283a6be0000, 0x00000283a6bdd000,
0x00000283a6bdc000, 0x00000283a6be4000, 0x00000283a6be6000, 0x00000283a6be2800,
0x00000283a6be5000, 0x00000283a6be6800, 0x00000283a6be7800, 0x00000283a6be3800,
0x00000283a6be1800, 0x00000283a6be8000, 0x00000283a6be9000, 0x00000283a6bea000,
0x00000283a7ba1000, 0x00000283a7ba2800, 0x00000283a7b9f800, 0x00000283a7ba0800,
0x00000283a7b9e000, 0x00000283a7ba4800, 0x00000283a7b9e800, 0x00000283a7bab000,
0x00000283a7ba9800, 0x00000283a7ba8800, 0x00000283a7ba7000, 0x00000283a7baa000,
0x00000283a7ba7800, 0x00000283a9c19800
}

Java Threads: ( => current thread )
  0x0000028385106800 JavaThread "main" [_thread_blocked, id=12704, stack(0x000000de16700000,0x000000de16800000)]
  0x00000283a156e800 JavaThread "Reference Handler" daemon [_thread_blocked, id=16256, stack(0x000000de16e00000,0x000000de16f00000)]
  0x00000283a1562800 JavaThread "Finalizer" daemon [_thread_blocked, id=18160, stack(0x000000de16f00000,0x000000de17000000)]
  0x00000283a1d80800 JavaThread "Signal Dispatcher" daemon [_thread_blocked, id=3860, stack(0x000000de17000000,0x000000de17100000)]
  0x00000283a1d81800 JavaThread "Attach Listener" daemon [_thread_blocked, id=18848, stack(0x000000de17100000,0x000000de17200000)]
  0x00000283a1d82800 JavaThread "Service Thread" daemon [_thread_blocked, id=21304, stack(0x000000de17200000,0x000000de17300000)]
  0x00000283a1d87000 JavaThread "C2 CompilerThread0" daemon [_thread_blocked, id=19408, stack(0x000000de17300000,0x000000de17400000)]
  0x00000283a1d89800 JavaThread "C1 CompilerThread0" daemon [_thread_blocked, id=16792, stack(0x000000de17400000,0x000000de17500000)]
  0x00000283a1d98000 JavaThread "Sweeper thread" daemon [_thread_blocked, id=20188, stack(0x000000de17500000,0x000000de17600000)]
  0x00000283a1f45800 JavaThread "Common-Cleaner" daemon [_thread_blocked, id=13536, stack(0x000000de17600000,0x000000de17700000)]
  0x00000283a3cb6000 JavaThread "Daemon health stats" [_thread_blocked, id=15184, stack(0x000000de17a00000,0x000000de17b00000)]
  0x00000283a202b800 JavaThread "Incoming local TCP Connector on port 65228" [_thread_in_native, id=14544, stack(0x000000de17c00000,0x000000de17d00000)]
  0x00000283a3bf5000 JavaThread "Daemon periodic checks" [_thread_blocked, id=18872, stack(0x000000de17d00000,0x000000de17e00000)]
  0x00000283a3667000 JavaThread "Daemon" [_thread_blocked, id=21476, stack(0x000000de17e00000,0x000000de17f00000)]
  0x00000283a36b6800 JavaThread "Handler for socket connection from /127.0.0.1:65228 to /127.0.0.1:65229" [_thread_in_native, id=17176, stack(0x000000de17f00000,0x000000de18000000)]
  0x00000283a3b7b000 JavaThread "Cancel handler" [_thread_blocked, id=708, stack(0x000000de18000000,0x000000de18100000)]
  0x00000283a39ce800 JavaThread "Daemon worker" [_thread_blocked, id=2360, stack(0x000000de18100000,0x000000de18200000)]
  0x00000283a3a44000 JavaThread "Asynchronous log dispatcher for DefaultDaemonConnection: socket connection from /127.0.0.1:65228 to /127.0.0.1:65229" [_thread_blocked, id=16356, stack(0x000000de18a00000,0x000000de18b00000)]
  0x00000283a4079000 JavaThread "Stdin handler" [_thread_blocked, id=11284, stack(0x000000de18b00000,0x000000de18c00000)]
  0x00000283a3c70800 JavaThread "Thread-8" [_thread_blocked, id=10064, stack(0x000000de18c00000,0x000000de18d00000)]
  0x00000283a26fb800 JavaThread "Cache worker for journal cache (C:\Users\e10991\.gradle\caches\journal-1)" [_thread_blocked, id=492, stack(0x000000de18d00000,0x000000de18e00000)]
  0x00000283a26fa000 JavaThread "File lock request listener" [_thread_in_native, id=21012, stack(0x000000de18e00000,0x000000de18f00000)]
  0x00000283a26fa800 JavaThread "Cache worker for file hash cache (C:\Users\e10991\.gradle\caches\6.5\fileHashes)" [_thread_blocked, id=8408, stack(0x000000de18f00000,0x000000de19000000)]
  0x00000283a26f6000 JavaThread "Cache worker for file hash cache (C:\Users\e10991\ArteriaProjects\cometchatandroid\.gradle\6.5\fileHashes)" [_thread_blocked, id=21180, stack(0x000000de19200000,0x000000de19300000)]
  0x00000283a26f9000 JavaThread "Cache worker for checksums cache (C:\Users\e10991\ArteriaProjects\cometchatandroid\.gradle\checksums)" [_thread_blocked, id=20992, stack(0x000000de19300000,0x000000de19400000)]
  0x00000283a26fc800 JavaThread "Cache worker for cache directory md-supplier (C:\Users\e10991\.gradle\caches\6.5\md-supplier)" [_thread_blocked, id=14520, stack(0x000000de19400000,0x000000de19500000)]
  0x00000283a26f6800 JavaThread "Cache worker for cache directory md-rule (C:\Users\e10991\.gradle\caches\6.5\md-rule)" [_thread_blocked, id=17616, stack(0x000000de19500000,0x000000de19600000)]
  0x00000283a26f8000 JavaThread "Cache worker for execution history cache (C:\Users\e10991\.gradle\caches\6.5\executionHistory)" [_thread_blocked, id=14092, stack(0x000000de19600000,0x000000de19700000)]
  0x00000283a26f7800 JavaThread "jar transforms" [_thread_blocked, id=21292, stack(0x000000de19100000,0x000000de19200000)]
  0x00000283a6546800 JavaThread "Cache worker for file content cache (C:\Users\e10991\.gradle\caches\6.5\fileContent)" [_thread_blocked, id=4816, stack(0x000000de19700000,0x000000de19800000)]
  0x00000283a6542800 JavaThread "Build operations" [_thread_blocked, id=19464, stack(0x000000de19900000,0x000000de19a00000)]
  0x00000283a6547800 JavaThread "Build operations Thread 2" [_thread_blocked, id=4624, stack(0x000000de19a00000,0x000000de19b00000)]
  0x00000283a6548800 JavaThread "Build operations Thread 3" [_thread_blocked, id=17020, stack(0x000000de19b00000,0x000000de19c00000)]
  0x00000283a6549000 JavaThread "Build operations Thread 4" [_thread_blocked, id=18876, stack(0x000000de19c00000,0x000000de19d00000)]
  0x00000283a6543800 JavaThread "Build operations Thread 5" [_thread_blocked, id=9984, stack(0x000000de19d00000,0x000000de19e00000)]
  0x00000283a6544800 JavaThread "Build operations Thread 6" [_thread_blocked, id=13160, stack(0x000000de19e00000,0x000000de19f00000)]
  0x00000283a6545000 JavaThread "Build operations Thread 7" [_thread_blocked, id=12404, stack(0x000000de19f00000,0x000000de1a000000)]
  0x00000283a47dc800 JavaThread "Build operations Thread 8" [_thread_blocked, id=4648, stack(0x000000de1a000000,0x000000de1a100000)]
  0x00000283a47d8000 JavaThread "jar transforms Thread 2" [_thread_blocked, id=11764, stack(0x000000de1a100000,0x000000de1a200000)]
  0x00000283a47d8800 JavaThread "jar transforms Thread 3" [_thread_blocked, id=14604, stack(0x000000de1a200000,0x000000de1a300000)]
  0x00000283a47dc000 JavaThread "jar transforms Thread 4" [_thread_blocked, id=10872, stack(0x000000de1a300000,0x000000de1a400000)]
  0x00000283a47d7000 JavaThread "jar transforms Thread 5" [_thread_blocked, id=15624, stack(0x000000de1a400000,0x000000de1a500000)]
  0x00000283a47de800 JavaThread "jar transforms Thread 6" [_thread_blocked, id=20596, stack(0x000000de1a500000,0x000000de1a600000)]
  0x00000283a47dd800 JavaThread "jar transforms Thread 7" [_thread_blocked, id=9868, stack(0x000000de1a600000,0x000000de1a700000)]
  0x00000283a47df000 JavaThread "jar transforms Thread 8" [_thread_blocked, id=20420, stack(0x000000de1a700000,0x000000de1a800000)]
  0x00000283a47d9800 JavaThread "jar transforms Thread 9" [_thread_blocked, id=21228, stack(0x000000de1a800000,0x000000de1a900000)]
  0x00000283a47da000 JavaThread "jar transforms Thread 10" [_thread_blocked, id=18620, stack(0x000000de1a900000,0x000000de1aa00000)]
  0x00000283a47e0000 JavaThread "jar transforms Thread 11" [_thread_blocked, id=17576, stack(0x000000de1aa00000,0x000000de1ab00000)]
  0x00000283a47e0800 JavaThread "jar transforms Thread 12" [_thread_blocked, id=4604, stack(0x000000de1ab00000,0x000000de1ac00000)]
  0x00000283a47db000 JavaThread "jar transforms Thread 13" [_thread_blocked, id=15780, stack(0x000000de1ac00000,0x000000de1ad00000)]
  0x00000283a47e1800 JavaThread "jar transforms Thread 14" [_thread_blocked, id=13620, stack(0x000000de1ad00000,0x000000de1ae00000)]
  0x00000283a47e5000 JavaThread "jar transforms Thread 15" [_thread_blocked, id=12532, stack(0x000000de1ae00000,0x000000de1af00000)]
  0x00000283a47e2800 JavaThread "jar transforms Thread 16" [_thread_blocked, id=20568, stack(0x000000de1af00000,0x000000de1b000000)]
  0x00000283a47e3000 JavaThread "jar transforms Thread 17" [_thread_blocked, id=19556, stack(0x000000de1b000000,0x000000de1b100000)]
  0x00000283a47e4000 JavaThread "jar transforms Thread 18" [_thread_blocked, id=13244, stack(0x000000de1b100000,0x000000de1b200000)]
  0x00000283a47e5800 JavaThread "jar transforms Thread 19" [_thread_blocked, id=14100, stack(0x000000de1b200000,0x000000de1b300000)]
  0x00000283a63d2800 JavaThread "jar transforms Thread 20" [_thread_blocked, id=10776, stack(0x000000de1b300000,0x000000de1b400000)]
  0x00000283a63d5800 JavaThread "jar transforms Thread 21" [_thread_blocked, id=4552, stack(0x000000de1b400000,0x000000de1b500000)]
  0x00000283a63d8000 JavaThread "jar transforms Thread 22" [_thread_blocked, id=20616, stack(0x000000de1b500000,0x000000de1b600000)]
  0x00000283a63d9000 JavaThread "jar transforms Thread 23" [_thread_blocked, id=13472, stack(0x000000de1b600000,0x000000de1b700000)]
  0x00000283a63d3800 JavaThread "jar transforms Thread 24" [_thread_blocked, id=14252, stack(0x000000de1b700000,0x000000de1b800000)]
  0x00000283a63d6800 JavaThread "jar transforms Thread 25" [_thread_blocked, id=21312, stack(0x000000de1b800000,0x000000de1b900000)]
  0x00000283a63da000 JavaThread "jar transforms Thread 26" [_thread_blocked, id=10584, stack(0x000000de1b900000,0x000000de1ba00000)]
  0x00000283a63d4000 JavaThread "jar transforms Thread 27" [_thread_blocked, id=10780, stack(0x000000de1ba00000,0x000000de1bb00000)]
  0x00000283a63da800 JavaThread "jar transforms Thread 28" [_thread_blocked, id=17840, stack(0x000000de1bb00000,0x000000de1bc00000)]
  0x00000283a63d7800 JavaThread "jar transforms Thread 29" [_thread_blocked, id=21140, stack(0x000000de1bc00000,0x000000de1bd00000)]
  0x00000283a63d5000 JavaThread "jar transforms Thread 30" [_thread_blocked, id=20488, stack(0x000000de1bd00000,0x000000de1be00000)]
  0x00000283a63df800 JavaThread "jar transforms Thread 31" [_thread_blocked, id=15224, stack(0x000000de1be00000,0x000000de1bf00000)]
  0x00000283a63e0800 JavaThread "jar transforms Thread 32" [_thread_blocked, id=19592, stack(0x000000de1bf00000,0x000000de1c000000)]
  0x00000283a63e1000 JavaThread "jar transforms Thread 33" [_thread_blocked, id=8276, stack(0x000000de1c000000,0x000000de1c100000)]
  0x00000283a63db800 JavaThread "jar transforms Thread 34" [_thread_blocked, id=19712, stack(0x000000de1c100000,0x000000de1c200000)]
  0x00000283a63de000 JavaThread "jar transforms Thread 35" [_thread_blocked, id=16424, stack(0x000000de1c200000,0x000000de1c300000)]
  0x00000283a63dc800 JavaThread "jar transforms Thread 36" [_thread_blocked, id=17496, stack(0x000000de1c300000,0x000000de1c400000)]
  0x00000283a63dd000 JavaThread "jar transforms Thread 37" [_thread_blocked, id=17584, stack(0x000000de1c400000,0x000000de1c500000)]
  0x00000283a63de800 JavaThread "jar transforms Thread 38" [_thread_blocked, id=16568, stack(0x000000de1c500000,0x000000de1c600000)]
  0x00000283a6b9d000 JavaThread "jar transforms Thread 39" [_thread_blocked, id=7196, stack(0x000000de1c600000,0x000000de1c700000)]
  0x00000283a6b9d800 JavaThread "jar transforms Thread 40" [_thread_blocked, id=3020, stack(0x000000de1c700000,0x000000de1c800000)]
  0x00000283a6b9c000 JavaThread "jar transforms Thread 41" [_thread_blocked, id=18232, stack(0x000000de1c800000,0x000000de1c900000)]
  0x00000283a6b9e800 JavaThread "jar transforms Thread 42" [_thread_blocked, id=11104, stack(0x000000de1c900000,0x000000de1ca00000)]
  0x00000283a6b9f000 JavaThread "jar transforms Thread 43" [_thread_blocked, id=2036, stack(0x000000de1ca00000,0x000000de1cb00000)]
  0x00000283a6ba0000 JavaThread "jar transforms Thread 44" [_thread_blocked, id=17628, stack(0x000000de1cb00000,0x000000de1cc00000)]
  0x00000283a6ba1000 JavaThread "jar transforms Thread 45" [_thread_blocked, id=19280, stack(0x000000de1cc00000,0x000000de1cd00000)]
  0x00000283a6b9b000 JavaThread "jar transforms Thread 46" [_thread_blocked, id=12684, stack(0x000000de1cd00000,0x000000de1ce00000)]
  0x00000283a6ba3800 JavaThread "jar transforms Thread 47" [_thread_blocked, id=17436, stack(0x000000de1ce00000,0x000000de1cf00000)]
  0x00000283a6ba4000 JavaThread "jar transforms Thread 48" [_thread_blocked, id=716, stack(0x000000de1cf00000,0x000000de1d000000)]
  0x00000283a6ba2800 JavaThread "jar transforms Thread 49" [_thread_blocked, id=9960, stack(0x000000de1d000000,0x000000de1d100000)]
  0x00000283a6ba1800 JavaThread "jar transforms Thread 50" [_thread_blocked, id=18412, stack(0x000000de1d100000,0x000000de1d200000)]
  0x00000283a6ba5000 JavaThread "jar transforms Thread 51" [_thread_blocked, id=13820, stack(0x000000de1d200000,0x000000de1d300000)]
  0x00000283a6ba6000 JavaThread "jar transforms Thread 52" [_thread_blocked, id=5380, stack(0x000000de1d300000,0x000000de1d400000)]
  0x00000283a6ba7800 JavaThread "jar transforms Thread 53" [_thread_blocked, id=20640, stack(0x000000de1d400000,0x000000de1d500000)]
  0x00000283a6ba8000 JavaThread "jar transforms Thread 54" [_thread_blocked, id=14564, stack(0x000000de1d500000,0x000000de1d600000)]
  0x00000283a6ba9000 JavaThread "jar transforms Thread 55" [_thread_blocked, id=17424, stack(0x000000de1d600000,0x000000de1d700000)]
  0x00000283a6ba6800 JavaThread "jar transforms Thread 56" [_thread_blocked, id=13264, stack(0x000000de1d700000,0x000000de1d800000)]
  0x00000283a6baa000 JavaThread "jar transforms Thread 57" [_thread_blocked, id=19248, stack(0x000000de1d800000,0x000000de1d900000)]
  0x00000283a5e49800 JavaThread "jar transforms Thread 58" [_thread_blocked, id=4184, stack(0x000000de1d900000,0x000000de1da00000)]
  0x00000283a5e48000 JavaThread "jar transforms Thread 59" [_thread_blocked, id=11308, stack(0x000000de1da00000,0x000000de1db00000)]
  0x00000283a5e4b000 JavaThread "jar transforms Thread 60" [_thread_blocked, id=8708, stack(0x000000de1db00000,0x000000de1dc00000)]
  0x00000283a5e4d000 JavaThread "jar transforms Thread 61" [_thread_blocked, id=19896, stack(0x000000de1dc00000,0x000000de1dd00000)]
  0x00000283a5e4a800 JavaThread "jar transforms Thread 62" [_thread_blocked, id=8516, stack(0x000000de1dd00000,0x000000de1de00000)]
  0x00000283a5e4c000 JavaThread "jar transforms Thread 63" [_thread_blocked, id=16396, stack(0x000000de1de00000,0x000000de1df00000)]
  0x00000283a5e47000 JavaThread "jar transforms Thread 64" [_thread_blocked, id=19268, stack(0x000000de1df00000,0x000000de1e000000)]
  0x00000283a5e4d800 JavaThread "jar transforms Thread 65" [_thread_blocked, id=12928, stack(0x000000de1e000000,0x000000de1e100000)]
  0x00000283a5e4e800 JavaThread "jar transforms Thread 66" [_thread_blocked, id=17004, stack(0x000000de1e100000,0x000000de1e200000)]
  0x00000283a5e48800 JavaThread "jar transforms Thread 67" [_thread_blocked, id=11776, stack(0x000000de1e200000,0x000000de1e300000)]
  0x00000283a5e51800 JavaThread "jar transforms Thread 68" [_thread_blocked, id=252, stack(0x000000de1e300000,0x000000de1e400000)]
  0x00000283a5e51000 JavaThread "jar transforms Thread 69" [_thread_blocked, id=19952, stack(0x000000de1e400000,0x000000de1e500000)]
  0x00000283a5e55000 JavaThread "jar transforms Thread 70" [_thread_blocked, id=17188, stack(0x000000de1e500000,0x000000de1e600000)]
  0x00000283a5e53800 JavaThread "jar transforms Thread 71" [_thread_blocked, id=12400, stack(0x000000de1e600000,0x000000de1e700000)]
  0x00000283a5e4f800 JavaThread "jar transforms Thread 72" [_thread_blocked, id=10720, stack(0x000000de1e700000,0x000000de1e800000)]
  0x00000283a5e50000 JavaThread "jar transforms Thread 73" [_thread_blocked, id=4316, stack(0x000000de1e800000,0x000000de1e900000)]
  0x00000283a5e54000 JavaThread "jar transforms Thread 74" [_thread_blocked, id=13500, stack(0x000000de1e900000,0x000000de1ea00000)]
  0x00000283a5e56000 JavaThread "jar transforms Thread 75" [_thread_blocked, id=21284, stack(0x000000de1ea00000,0x000000de1eb00000)]
  0x00000283a5e52800 JavaThread "jar transforms Thread 76" [_thread_blocked, id=18352, stack(0x000000de1eb00000,0x000000de1ec00000)]
  0x00000283a6bdd800 JavaThread "jar transforms Thread 77" [_thread_blocked, id=16664, stack(0x000000de1ec00000,0x000000de1ed00000)]
  0x00000283a6bde800 JavaThread "jar transforms Thread 78" [_thread_blocked, id=18548, stack(0x000000de1ed00000,0x000000de1ee00000)]
  0x00000283a6be1000 JavaThread "jar transforms Thread 79" [_thread_blocked, id=9780, stack(0x000000de1ee00000,0x000000de1ef00000)]
  0x00000283a6bdf800 JavaThread "jar transforms Thread 80" [_thread_blocked, id=4916, stack(0x000000de1ef00000,0x000000de1f000000)]
  0x00000283a6bdb000 JavaThread "jar transforms Thread 81" [_thread_blocked, id=9248, stack(0x000000de1f000000,0x000000de1f100000)]
  0x00000283a6be0000 JavaThread "jar transforms Thread 82" [_thread_blocked, id=12432, stack(0x000000de1f100000,0x000000de1f200000)]
  0x00000283a6bdd000 JavaThread "jar transforms Thread 83" [_thread_blocked, id=4148, stack(0x000000de1f200000,0x000000de1f300000)]
  0x00000283a6bdc000 JavaThread "jar transforms Thread 84" [_thread_blocked, id=21048, stack(0x000000de1f300000,0x000000de1f400000)]
  0x00000283a6be4000 JavaThread "jar transforms Thread 85" [_thread_blocked, id=12064, stack(0x000000de1f400000,0x000000de1f500000)]
  0x00000283a6be6000 JavaThread "jar transforms Thread 86" [_thread_blocked, id=3580, stack(0x000000de1f500000,0x000000de1f600000)]
  0x00000283a6be2800 JavaThread "jar transforms Thread 87" [_thread_blocked, id=656, stack(0x000000de1f600000,0x000000de1f700000)]
  0x00000283a6be5000 JavaThread "jar transforms Thread 88" [_thread_blocked, id=20380, stack(0x000000de1f700000,0x000000de1f800000)]
  0x00000283a6be6800 JavaThread "jar transforms Thread 89" [_thread_blocked, id=11440, stack(0x000000de1f800000,0x000000de1f900000)]
  0x00000283a6be7800 JavaThread "jar transforms Thread 90" [_thread_blocked, id=11744, stack(0x000000de1f900000,0x000000de1fa00000)]
  0x00000283a6be3800 JavaThread "jar transforms Thread 91" [_thread_blocked, id=16608, stack(0x000000de1fa00000,0x000000de1fb00000)]
  0x00000283a6be1800 JavaThread "jar transforms Thread 92" [_thread_blocked, id=5092, stack(0x000000de1fb00000,0x000000de1fc00000)]
  0x00000283a6be8000 JavaThread "jar transforms Thread 93" [_thread_blocked, id=1976, stack(0x000000de1fc00000,0x000000de1fd00000)]
  0x00000283a6be9000 JavaThread "jar transforms Thread 94" [_thread_blocked, id=12336, stack(0x000000de1fd00000,0x000000de1fe00000)]
  0x00000283a6bea000 JavaThread "Cache worker for Build Output Cleanup Cache (C:\Users\e10991\ArteriaProjects\cometchatandroid\.gradle\buildOutputCleanup)" [_thread_blocked, id=21004, stack(0x000000de1fe00000,0x000000de1ff00000)]
  0x00000283a7ba1000 JavaThread "pool-1-thread-1" [_thread_blocked, id=17748, stack(0x000000de1ff00000,0x000000de20000000)]
  0x00000283a7ba2800 JavaThread "Memory manager" [_thread_blocked, id=12372, stack(0x000000de20000000,0x000000de20100000)]
  0x00000283a7b9f800 JavaThread "Cache worker for file content cache (C:\Users\e10991\ArteriaProjects\cometchatandroid\.gradle\6.5\fileContent)" [_thread_blocked, id=20980, stack(0x000000de20100000,0x000000de20200000)]
  0x00000283a7ba0800 JavaThread "Execution worker for ':'" [_thread_blocked, id=17972, stack(0x000000de20200000,0x000000de20300000)]
  0x00000283a7b9e000 JavaThread "Execution worker for ':' Thread 2" [_thread_blocked, id=21060, stack(0x000000de20300000,0x000000de20400000)]
  0x00000283a7ba4800 JavaThread "Execution worker for ':' Thread 3" [_thread_blocked, id=11080, stack(0x000000de20400000,0x000000de20500000)]
  0x00000283a7b9e800 JavaThread "Execution worker for ':' Thread 4" [_thread_blocked, id=1940, stack(0x000000de20500000,0x000000de20600000)]
  0x00000283a7bab000 JavaThread "Execution worker for ':' Thread 5" [_thread_blocked, id=18664, stack(0x000000de20600000,0x000000de20700000)]
  0x00000283a7ba9800 JavaThread "Execution worker for ':' Thread 6" [_thread_blocked, id=17780, stack(0x000000de20700000,0x000000de20800000)]
  0x00000283a7ba8800 JavaThread "Execution worker for ':' Thread 7" [_thread_blocked, id=13608, stack(0x000000de20800000,0x000000de20900000)]
  0x00000283a7ba7000 JavaThread "Cache worker for execution history cache (C:\Users\e10991\ArteriaProjects\cometchatandroid\.gradle\6.5\executionHistory)" [_thread_blocked, id=7432, stack(0x000000de20900000,0x000000de20a00000)]
  0x00000283a7baa000 JavaThread "Cache worker for Java compile cache (C:\Users\e10991\.gradle\caches\6.5\javaCompile)" [_thread_blocked, id=9204, stack(0x000000de19800000,0x000000de19900000)]
  0x00000283a7ba7800 JavaThread "Cache worker for Java compile cache (C:\Users\e10991\ArteriaProjects\cometchatandroid\.gradle\6.5\javaCompile)" [_thread_blocked, id=16788, stack(0x000000de20a00000,0x000000de20b00000)]
  0x00000283a9c19800 JavaThread "C2 CompilerThread1" daemon [_thread_blocked, id=12456, stack(0x000000de16400000,0x000000de16500000)]

Other Threads:
=>0x00000283a1515800 VMThread "VM Thread" [stack: 0x000000de16d00000,0x000000de16e00000] [id=15512]
  0x00000283a1f5b000 WatcherThread [stack: 0x000000de17700000,0x000000de17800000] [id=18776]
  0x0000028385120800 GCTaskThread "GC Thread#0" [stack: 0x000000de16800000,0x000000de16900000] [id=4476]
  0x00000283a2934800 GCTaskThread "GC Thread#1" [stack: 0x000000de17900000,0x000000de17a00000] [id=13768]
  0x00000283a35e2800 GCTaskThread "GC Thread#2" [stack: 0x000000de18200000,0x000000de18300000] [id=19056]
  0x00000283a35c0800 GCTaskThread "GC Thread#3" [stack: 0x000000de18300000,0x000000de18400000] [id=704]
  0x00000283a35c1000 GCTaskThread "GC Thread#4" [stack: 0x000000de18400000,0x000000de18500000] [id=512]
  0x00000283a1de8000 GCTaskThread "GC Thread#5" [stack: 0x000000de18500000,0x000000de18600000] [id=1844]
  0x00000283a1def000 GCTaskThread "GC Thread#6" [stack: 0x000000de18600000,0x000000de18700000] [id=19668]
  0x00000283a1de8800 GCTaskThread "GC Thread#7" [stack: 0x000000de18700000,0x000000de18800000] [id=20812]
  0x0000028385152800 ConcurrentGCThread "G1 Main Marker" [stack: 0x000000de16900000,0x000000de16a00000] [id=15428]
  0x0000028385154000 ConcurrentGCThread "G1 Conc#0" [stack: 0x000000de16a00000,0x000000de16b00000] [id=13220]
  0x00000283a1deb000 ConcurrentGCThread "G1 Conc#1" [stack: 0x000000de19000000,0x000000de19100000] [id=16540]
  0x00000283851de000 ConcurrentGCThread "G1 Refine#0" [stack: 0x000000de16b00000,0x000000de16c00000] [id=744]
  0x00000283a2d65800 ConcurrentGCThread "G1 Refine#1" [stack: 0x000000de18800000,0x000000de18900000] [id=16680]
  0x00000283a34c8000 ConcurrentGCThread "G1 Refine#2" [stack: 0x000000de18900000,0x000000de18a00000] [id=3288]
  0x00000283a1380800 ConcurrentGCThread "G1 Young RemSet Sampling" [stack: 0x000000de16c00000,0x000000de16d00000] [id=15892]

Threads with active compile tasks:
C2 CompilerThread0  41568 13008       4       com.sun.tools.javac.tree.TreeScanner::visitVarDef (33 bytes)
C1 CompilerThread0  41568 13241       2       com.sun.tools.javac.jvm.ClassWriter::writeParameterAttrs (209 bytes)
C2 CompilerThread1  41568 13099       4       com.sun.tools.javac.jvm.ClassReader::sigToType (880 bytes)

VM state:at safepoint (normal execution)

VM Mutex/Monitor currently owned by a thread:  ([mutex/lock_event])
[0x0000028385105c20] Threads_lock - owner thread: 0x00000283a1515800
[0x0000028385104b40] Heap_lock - owner thread: 0x00000283a7ba8800

Heap address: 0x0000000080000000, size: 2048 MB, Compressed Oops mode: 32-bit
Narrow klass base: 0x0000000000000000, Narrow klass shift: 3
Compressed class space size: 1073741824 Address: 0x0000000100000000

Heap:
 garbage-first heap   total 575488K, used 161432K [0x0000000080000000, 0x0000000100000000)
  region size 1024K, 1 young (1024K), 1 survivors (1024K)
 Metaspace       used 97131K, capacity 99561K, committed 99692K, reserved 1136640K
  class space    used 12138K, capacity 12984K, committed 13056K, reserved 1048576K
Heap Regions: E=young(eden), S=young(survivor), O=old, HS=humongous(starts), HC=humongous(continues), CS=collection set, F=free, A=archive, TAMS=top-at-mark-start (previous, next)
|   0|0x0000000080000000, 0x0000000080100000, 0x0000000080100000|100%| O|  |TAMS 0x0000000080100000, 0x0000000080000000| Untracked 
|   1|0x0000000080100000, 0x0000000080200000, 0x0000000080200000|100%| O|  |TAMS 0x0000000080200000, 0x0000000080100000| Untracked 
|   2|0x0000000080200000, 0x0000000080300000, 0x0000000080300000|100%| O|  |TAMS 0x0000000080300000, 0x0000000080200000| Untracked 
|   3|0x0000000080300000, 0x0000000080400000, 0x0000000080400000|100%|HS|  |TAMS 0x0000000080400000, 0x0000000080300000| Complete 
|   4|0x0000000080400000, 0x0000000080500000, 0x0000000080500000|100%|HC|  |TAMS 0x0000000080500000, 0x0000000080400000| Complete 
|   5|0x0000000080500000, 0x0000000080600000, 0x0000000080600000|100%|HC|  |TAMS 0x0000000080600000, 0x0000000080500000| Complete 
|   6|0x0000000080600000, 0x0000000080700000, 0x0000000080700000|100%| O|  |TAMS 0x0000000080700000, 0x0000000080600000| Untracked 
|   7|0x0000000080700000, 0x0000000080800000, 0x0000000080800000|100%| O|  |TAMS 0x0000000080800000, 0x0000000080700000| Untracked 
|   8|0x0000000080800000, 0x0000000080900000, 0x0000000080900000|100%| O|  |TAMS 0x0000000080900000, 0x0000000080800000| Untracked 
|   9|0x0000000080900000, 0x0000000080a00000, 0x0000000080a00000|100%| O|  |TAMS 0x0000000080a00000, 0x0000000080900000| Untracked 
|  10|0x0000000080a00000, 0x0000000080b00000, 0x0000000080b00000|100%| O|  |TAMS 0x0000000080b00000, 0x0000000080a00000| Untracked 
|  11|0x0000000080b00000, 0x0000000080c00000, 0x0000000080c00000|100%| O|  |TAMS 0x0000000080c00000, 0x0000000080b00000| Untracked 
|  12|0x0000000080c00000, 0x0000000080d00000, 0x0000000080d00000|100%| O|  |TAMS 0x0000000080d00000, 0x0000000080c00000| Complete 
|  13|0x0000000080d00000, 0x0000000080e00000, 0x0000000080e00000|100%| O|  |TAMS 0x0000000080e00000, 0x0000000080d00000| Untracked 
|  14|0x0000000080e00000, 0x0000000080f00000, 0x0000000080f00000|100%| O|  |TAMS 0x0000000080f00000, 0x0000000080e00000| Untracked 
|  15|0x0000000080f00000, 0x0000000081000000, 0x0000000081000000|100%| O|  |TAMS 0x0000000081000000, 0x0000000080f00000| Untracked 
|  16|0x0000000081000000, 0x0000000081100000, 0x0000000081100000|100%| O|  |TAMS 0x0000000081100000, 0x0000000081000000| Complete 
|  17|0x0000000081100000, 0x0000000081200000, 0x0000000081200000|100%| O|  |TAMS 0x0000000081200000, 0x0000000081100000| Untracked 
|  18|0x0000000081200000, 0x0000000081300000, 0x0000000081300000|100%| O|  |TAMS 0x0000000081300000, 0x0000000081200000| Untracked 
|  19|0x0000000081300000, 0x0000000081400000, 0x0000000081400000|100%|HS|  |TAMS 0x0000000081400000, 0x0000000081300000| Complete 
|  20|0x0000000081400000, 0x0000000081500000, 0x0000000081500000|100%| O|  |TAMS 0x0000000081500000, 0x0000000081400000| Untracked 
|  21|0x0000000081500000, 0x0000000081600000, 0x0000000081600000|100%| O|  |TAMS 0x0000000081600000, 0x0000000081500000| Untracked 
|  22|0x0000000081600000, 0x0000000081700000, 0x0000000081700000|100%|HS|  |TAMS 0x0000000081700000, 0x0000000081600000| Complete 
|  23|0x0000000081700000, 0x0000000081800000, 0x0000000081800000|100%|HC|  |TAMS 0x0000000081800000, 0x0000000081700000| Complete 
|  24|0x0000000081800000, 0x0000000081900000, 0x0000000081900000|100%| O|  |TAMS 0x0000000081900000, 0x0000000081800000| Untracked 
|  25|0x0000000081900000, 0x0000000081a00000, 0x0000000081a00000|100%| O|  |TAMS 0x0000000081a00000, 0x0000000081900000| Untracked 
|  26|0x0000000081a00000, 0x0000000081b00000, 0x0000000081b00000|100%| O|  |TAMS 0x0000000081b00000, 0x0000000081a00000| Untracked 
|  27|0x0000000081b00000, 0x0000000081c00000, 0x0000000081c00000|100%| O|  |TAMS 0x0000000081c00000, 0x0000000081b00000| Untracked 
|  28|0x0000000081c00000, 0x0000000081d00000, 0x0000000081d00000|100%| O|  |TAMS 0x0000000081d00000, 0x0000000081c00000| Untracked 
|  29|0x0000000081d00000, 0x0000000081e00000, 0x0000000081e00000|100%| O|  |TAMS 0x0000000081e00000, 0x0000000081d00000| Untracked 
|  30|0x0000000081e00000, 0x0000000081f00000, 0x0000000081f00000|100%| O|  |TAMS 0x0000000081f00000, 0x0000000081e00000| Untracked 
|  31|0x0000000081f00000, 0x0000000082000000, 0x0000000082000000|100%| O|  |TAMS 0x0000000082000000, 0x0000000081f00000| Untracked 
|  32|0x0000000082000000, 0x0000000082100000, 0x0000000082100000|100%| O|  |TAMS 0x0000000082100000, 0x0000000082000000| Complete 
|  33|0x0000000082100000, 0x0000000082200000, 0x0000000082200000|100%| O|  |TAMS 0x0000000082200000, 0x0000000082100000| Untracked 
|  34|0x0000000082200000, 0x0000000082300000, 0x0000000082300000|100%| O|  |TAMS 0x0000000082300000, 0x0000000082200000| Untracked 
|  35|0x0000000082300000, 0x0000000082400000, 0x0000000082400000|100%| O|  |TAMS 0x0000000082400000, 0x0000000082300000| Untracked 
|  36|0x0000000082400000, 0x0000000082500000, 0x0000000082500000|100%| O|  |TAMS 0x0000000082500000, 0x0000000082400000| Complete 
|  37|0x0000000082500000, 0x0000000082600000, 0x0000000082600000|100%| O|  |TAMS 0x0000000082600000, 0x0000000082500000| Untracked 
|  38|0x0000000082600000, 0x0000000082700000, 0x0000000082700000|100%| O|  |TAMS 0x0000000082700000, 0x0000000082600000| Untracked 
|  39|0x0000000082700000, 0x0000000082800000, 0x0000000082800000|100%| O|  |TAMS 0x0000000082800000, 0x0000000082700000| Untracked 
|  40|0x0000000082800000, 0x0000000082900000, 0x0000000082900000|100%| O|  |TAMS 0x0000000082900000, 0x0000000082800000| Untracked 
|  41|0x0000000082900000, 0x0000000082a00000, 0x0000000082a00000|100%| O|  |TAMS 0x0000000082a00000, 0x0000000082900000| Untracked 
|  42|0x0000000082a00000, 0x0000000082b00000, 0x0000000082b00000|100%| O|  |TAMS 0x0000000082b00000, 0x0000000082a00000| Untracked 
|  43|0x0000000082b00000, 0x0000000082c00000, 0x0000000082c00000|100%| O|  |TAMS 0x0000000082c00000, 0x0000000082b00000| Untracked 
|  44|0x0000000082c00000, 0x0000000082d00000, 0x0000000082d00000|100%| O|  |TAMS 0x0000000082d00000, 0x0000000082c00000| Untracked 
|  45|0x0000000082d00000, 0x0000000082e00000, 0x0000000082e00000|100%| O|  |TAMS 0x0000000082e00000, 0x0000000082d00000| Complete 
|  46|0x0000000082e00000, 0x0000000082f00000, 0x0000000082f00000|100%| O|  |TAMS 0x0000000082f00000, 0x0000000082e00000| Complete 
|  47|0x0000000082f00000, 0x0000000083000000, 0x0000000083000000|100%| O|  |TAMS 0x0000000083000000, 0x0000000082f00000| Untracked 
|  48|0x0000000083000000, 0x0000000083100000, 0x0000000083100000|100%| O|  |TAMS 0x0000000083100000, 0x0000000083000000| Untracked 
|  49|0x0000000083100000, 0x0000000083200000, 0x0000000083200000|100%| O|  |TAMS 0x0000000083200000, 0x0000000083100000| Untracked 
|  50|0x0000000083200000, 0x0000000083300000, 0x0000000083300000|100%| O|  |TAMS 0x0000000083300000, 0x0000000083200000| Untracked 
|  51|0x0000000083300000, 0x0000000083400000, 0x0000000083400000|100%| O|  |TAMS 0x0000000083400000, 0x0000000083300000| Untracked 
|  52|0x0000000083400000, 0x0000000083500000, 0x0000000083500000|100%| O|  |TAMS 0x0000000083500000, 0x0000000083400000| Untracked 
|  53|0x0000000083500000, 0x0000000083600000, 0x0000000083600000|100%| O|  |TAMS 0x0000000083600000, 0x0000000083500000| Untracked 
|  54|0x0000000083600000, 0x0000000083700000, 0x0000000083700000|100%| O|  |TAMS 0x0000000083700000, 0x0000000083600000| Complete 
|  55|0x0000000083700000, 0x0000000083800000, 0x0000000083800000|100%| O|  |TAMS 0x0000000083800000, 0x0000000083700000| Untracked 
|  56|0x0000000083800000, 0x0000000083900000, 0x0000000083900000|100%| O|  |TAMS 0x0000000083900000, 0x0000000083800000| Complete 
|  57|0x0000000083900000, 0x0000000083a00000, 0x0000000083a00000|100%| O|  |TAMS 0x0000000083a00000, 0x0000000083900000| Untracked 
|  58|0x0000000083a00000, 0x0000000083b00000, 0x0000000083b00000|100%| O|  |TAMS 0x0000000083b00000, 0x0000000083a00000| Untracked 
|  59|0x0000000083b00000, 0x0000000083c00000, 0x0000000083c00000|100%| O|  |TAMS 0x0000000083c00000, 0x0000000083b00000| Untracked 
|  60|0x0000000083c00000, 0x0000000083d00000, 0x0000000083d00000|100%| O|  |TAMS 0x0000000083d00000, 0x0000000083c00000| Untracked 
|  61|0x0000000083d00000, 0x0000000083e00000, 0x0000000083e00000|100%| O|  |TAMS 0x0000000083e00000, 0x0000000083d00000| Untracked 
|  62|0x0000000083e00000, 0x0000000083f00000, 0x0000000083f00000|100%| O|  |TAMS 0x0000000083f00000, 0x0000000083e00000| Untracked 
|  63|0x0000000083f00000, 0x0000000084000000, 0x0000000084000000|100%| O|  |TAMS 0x0000000084000000, 0x0000000083f00000| Untracked 
|  64|0x0000000084000000, 0x0000000084100000, 0x0000000084100000|100%| O|  |TAMS 0x0000000084100000, 0x0000000084000000| Untracked 
|  65|0x0000000084100000, 0x0000000084200000, 0x0000000084200000|100%| O|  |TAMS 0x0000000084200000, 0x0000000084100000| Complete 
|  66|0x0000000084200000, 0x0000000084300000, 0x0000000084300000|100%| O|  |TAMS 0x0000000084300000, 0x0000000084200000| Complete 
|  67|0x0000000084300000, 0x0000000084400000, 0x0000000084400000|100%| O|  |TAMS 0x0000000084400000, 0x0000000084300000| Complete 
|  68|0x0000000084400000, 0x0000000084500000, 0x0000000084500000|100%| O|  |TAMS 0x0000000084500000, 0x0000000084400000| Untracked 
|  69|0x0000000084500000, 0x0000000084600000, 0x0000000084600000|100%| O|  |TAMS 0x0000000084600000, 0x0000000084500000| Untracked 
|  70|0x0000000084600000, 0x0000000084700000, 0x0000000084700000|100%| O|  |TAMS 0x0000000084700000, 0x0000000084600000| Complete 
|  71|0x0000000084700000, 0x0000000084800000, 0x0000000084800000|100%| O|  |TAMS 0x0000000084800000, 0x0000000084700000| Untracked 
|  72|0x0000000084800000, 0x0000000084900000, 0x0000000084900000|100%| O|  |TAMS 0x0000000084900000, 0x0000000084800000| Untracked 
|  73|0x0000000084900000, 0x0000000084a00000, 0x0000000084a00000|100%| O|  |TAMS 0x0000000084a00000, 0x0000000084900000| Untracked 
|  74|0x0000000084a00000, 0x0000000084b00000, 0x0000000084b00000|100%| O|  |TAMS 0x0000000084b00000, 0x0000000084a00000| Untracked 
|  75|0x0000000084b00000, 0x0000000084c00000, 0x0000000084c00000|100%| O|  |TAMS 0x0000000084c00000, 0x0000000084b00000| Untracked 
|  76|0x0000000084c00000, 0x0000000084d00000, 0x0000000084d00000|100%| O|  |TAMS 0x0000000084d00000, 0x0000000084c00000| Untracked 
|  77|0x0000000084d00000, 0x0000000084e00000, 0x0000000084e00000|100%| O|  |TAMS 0x0000000084e00000, 0x0000000084d00000| Untracked 
|  78|0x0000000084e00000, 0x0000000084f00000, 0x0000000084f00000|100%|HS|  |TAMS 0x0000000084f00000, 0x0000000084e00000| Complete 
|  79|0x0000000084f00000, 0x0000000085000000, 0x0000000085000000|100%|HC|  |TAMS 0x0000000085000000, 0x0000000084f00000| Complete 
|  80|0x0000000085000000, 0x0000000085100000, 0x0000000085100000|100%| O|  |TAMS 0x0000000085100000, 0x0000000085000000| Untracked 
|  81|0x0000000085100000, 0x0000000085200000, 0x0000000085200000|100%| O|  |TAMS 0x0000000085200000, 0x0000000085100000| Untracked 
|  82|0x0000000085200000, 0x0000000085300000, 0x0000000085300000|100%| O|  |TAMS 0x0000000085300000, 0x0000000085200000| Untracked 
|  83|0x0000000085300000, 0x0000000085400000, 0x0000000085400000|100%| O|  |TAMS 0x0000000085400000, 0x0000000085300000| Untracked 
|  84|0x0000000085400000, 0x0000000085500000, 0x0000000085500000|100%| O|  |TAMS 0x0000000085500000, 0x0000000085400000| Untracked 
|  85|0x0000000085500000, 0x0000000085600000, 0x0000000085600000|100%| O|  |TAMS 0x0000000085600000, 0x0000000085500000| Untracked 
|  86|0x0000000085600000, 0x0000000085700000, 0x0000000085700000|100%| O|  |TAMS 0x0000000085700000, 0x0000000085600000| Untracked 
|  87|0x0000000085700000, 0x0000000085800000, 0x0000000085800000|100%| O|  |TAMS 0x0000000085800000, 0x0000000085700000| Untracked 
|  88|0x0000000085800000, 0x0000000085900000, 0x0000000085900000|100%| O|  |TAMS 0x0000000085900000, 0x0000000085800000| Untracked 
|  89|0x0000000085900000, 0x0000000085a00000, 0x0000000085a00000|100%| O|  |TAMS 0x0000000085a00000, 0x0000000085900000| Untracked 
|  90|0x0000000085a00000, 0x0000000085b00000, 0x0000000085b00000|100%| O|  |TAMS 0x0000000085b00000, 0x0000000085a00000| Untracked 
|  91|0x0000000085b00000, 0x0000000085c00000, 0x0000000085c00000|100%| O|  |TAMS 0x0000000085c00000, 0x0000000085b00000| Untracked 
|  92|0x0000000085c00000, 0x0000000085d00000, 0x0000000085d00000|100%| O|  |TAMS 0x0000000085d00000, 0x0000000085c00000| Untracked 
|  93|0x0000000085d00000, 0x0000000085e00000, 0x0000000085e00000|100%| O|  |TAMS 0x0000000085e00000, 0x0000000085d00000| Untracked 
|  94|0x0000000085e00000, 0x0000000085f00000, 0x0000000085f00000|100%| O|  |TAMS 0x0000000085f00000, 0x0000000085e00000| Untracked 
|  95|0x0000000085f00000, 0x0000000086000000, 0x0000000086000000|100%| O|  |TAMS 0x0000000086000000, 0x0000000085f00000| Complete 
|  96|0x0000000086000000, 0x0000000086100000, 0x0000000086100000|100%| O|  |TAMS 0x0000000086100000, 0x0000000086000000| Complete 
|  97|0x0000000086100000, 0x0000000086200000, 0x0000000086200000|100%| O|  |TAMS 0x0000000086200000, 0x0000000086100000| Untracked 
|  98|0x0000000086200000, 0x0000000086300000, 0x0000000086300000|100%| O|  |TAMS 0x0000000086300000, 0x0000000086200000| Untracked 
|  99|0x0000000086300000, 0x0000000086400000, 0x0000000086400000|100%| O|  |TAMS 0x0000000086400000, 0x0000000086300000| Untracked 
| 100|0x0000000086400000, 0x0000000086500000, 0x0000000086500000|100%| O|  |TAMS 0x0000000086500000, 0x0000000086400000| Untracked 
| 101|0x0000000086500000, 0x0000000086600000, 0x0000000086600000|100%| O|  |TAMS 0x0000000086600000, 0x0000000086500000| Complete 
| 102|0x0000000086600000, 0x0000000086700000, 0x0000000086700000|100%| O|  |TAMS 0x0000000086700000, 0x0000000086600000| Complete 
| 103|0x0000000086700000, 0x0000000086800000, 0x0000000086800000|100%| O|  |TAMS 0x0000000086800000, 0x0000000086700000| Complete 
| 104|0x0000000086800000, 0x0000000086900000, 0x0000000086900000|100%| O|  |TAMS 0x0000000086900000, 0x0000000086800000| Complete 
| 105|0x0000000086900000, 0x0000000086a00000, 0x0000000086a00000|100%| O|  |TAMS 0x0000000086a00000, 0x0000000086900000| Complete 
| 106|0x0000000086a00000, 0x0000000086b00000, 0x0000000086b00000|100%| O|  |TAMS 0x0000000086b00000, 0x0000000086a00000| Complete 
| 107|0x0000000086b00000, 0x0000000086c00000, 0x0000000086c00000|100%| O|  |TAMS 0x0000000086c00000, 0x0000000086b00000| Complete 
| 108|0x0000000086c00000, 0x0000000086d00000, 0x0000000086d00000|100%| O|  |TAMS 0x0000000086d00000, 0x0000000086c00000| Complete 
| 109|0x0000000086d00000, 0x0000000086e00000, 0x0000000086e00000|100%| O|  |TAMS 0x0000000086e00000, 0x0000000086d00000| Complete 
| 110|0x0000000086e00000, 0x0000000086f00000, 0x0000000086f00000|100%| O|  |TAMS 0x0000000086e00000, 0x0000000086e00000| Untracked 
| 111|0x0000000086f00000, 0x0000000087000000, 0x0000000087000000|100%| O|  |TAMS 0x0000000087000000, 0x0000000086f00000| Complete 
| 112|0x0000000087000000, 0x0000000087100000, 0x0000000087100000|100%| O|  |TAMS 0x0000000087100000, 0x0000000087000000| Complete 
| 113|0x0000000087100000, 0x0000000087200000, 0x0000000087200000|100%| O|  |TAMS 0x0000000087200000, 0x0000000087100000| Complete 
| 114|0x0000000087200000, 0x0000000087300000, 0x0000000087300000|100%| O|  |TAMS 0x0000000087300000, 0x0000000087200000| Complete 
| 115|0x0000000087300000, 0x0000000087400000, 0x0000000087400000|100%| O|  |TAMS 0x0000000087400000, 0x0000000087300000| Complete 
| 116|0x0000000087400000, 0x0000000087500000, 0x0000000087500000|100%| O|  |TAMS 0x0000000087500000, 0x0000000087400000| Complete 
| 117|0x0000000087500000, 0x0000000087600000, 0x0000000087600000|100%| O|  |TAMS 0x0000000087600000, 0x0000000087500000| Untracked 
| 118|0x0000000087600000, 0x0000000087700000, 0x0000000087700000|100%| O|  |TAMS 0x0000000087700000, 0x0000000087600000| Untracked 
| 119|0x0000000087700000, 0x0000000087800000, 0x0000000087800000|100%| O|  |TAMS 0x0000000087800000, 0x0000000087700000| Untracked 
| 120|0x0000000087800000, 0x0000000087900000, 0x0000000087900000|100%| O|  |TAMS 0x0000000087900000, 0x0000000087800000| Untracked 
| 121|0x0000000087900000, 0x0000000087a00000, 0x0000000087a00000|100%| O|  |TAMS 0x0000000087a00000, 0x0000000087900000| Untracked 
| 122|0x0000000087a00000, 0x0000000087b00000, 0x0000000087b00000|100%| O|  |TAMS 0x0000000087b00000, 0x0000000087a00000| Untracked 
| 123|0x0000000087b00000, 0x0000000087c00000, 0x0000000087c00000|100%| O|  |TAMS 0x0000000087c00000, 0x0000000087b00000| Untracked 
| 124|0x0000000087c00000, 0x0000000087d00000, 0x0000000087d00000|100%| O|  |TAMS 0x0000000087d00000, 0x0000000087c00000| Complete 
| 125|0x0000000087d00000, 0x0000000087e00000, 0x0000000087e00000|100%| O|  |TAMS 0x0000000087e00000, 0x0000000087d00000| Untracked 
| 126|0x0000000087e00000, 0x0000000087f00000, 0x0000000087f00000|100%| O|  |TAMS 0x0000000087f00000, 0x0000000087e00000| Complete 
| 127|0x0000000087f00000, 0x0000000088000000, 0x0000000088000000|100%| O|  |TAMS 0x0000000088000000, 0x0000000087f00000| Complete 
| 128|0x0000000088000000, 0x0000000088100000, 0x0000000088100000|100%| O|  |TAMS 0x0000000088100000, 0x0000000088000000| Complete 
| 129|0x0000000088100000, 0x0000000088200000, 0x0000000088200000|100%| O|  |TAMS 0x0000000088200000, 0x0000000088100000| Complete 
| 130|0x0000000088200000, 0x0000000088300000, 0x0000000088300000|100%| O|  |TAMS 0x0000000088300000, 0x0000000088200000| Untracked 
| 131|0x0000000088300000, 0x0000000088400000, 0x0000000088400000|100%| O|  |TAMS 0x0000000088400000, 0x0000000088300000| Untracked 
| 132|0x0000000088400000, 0x0000000088500000, 0x0000000088500000|100%| O|  |TAMS 0x0000000088500000, 0x0000000088400000| Untracked 
| 133|0x0000000088500000, 0x0000000088600000, 0x0000000088600000|100%| O|  |TAMS 0x0000000088600000, 0x0000000088500000| Untracked 
| 134|0x0000000088600000, 0x0000000088700000, 0x0000000088700000|100%| O|  |TAMS 0x0000000088700000, 0x0000000088600000| Untracked 
| 135|0x0000000088700000, 0x0000000088800000, 0x0000000088800000|100%| O|  |TAMS 0x0000000088800000, 0x0000000088700000| Untracked 
| 136|0x0000000088800000, 0x0000000088800000, 0x0000000088900000|  0%| F|  |TAMS 0x0000000088800000, 0x0000000088800000| Untracked 
| 137|0x0000000088900000, 0x0000000088a00000, 0x0000000088a00000|100%| O|  |TAMS 0x0000000088a00000, 0x0000000088900000| Complete 
| 138|0x0000000088a00000, 0x0000000088b00000, 0x0000000088b00000|100%| O|  |TAMS 0x0000000088b00000, 0x0000000088a00000| Untracked 
| 139|0x0000000088b00000, 0x0000000088c00000, 0x0000000088c00000|100%| O|  |TAMS 0x0000000088c00000, 0x0000000088b00000| Untracked 
| 140|0x0000000088c00000, 0x0000000088d00000, 0x0000000088d00000|100%| O|  |TAMS 0x0000000088d00000, 0x0000000088c00000| Untracked 
| 141|0x0000000088d00000, 0x0000000088e00000, 0x0000000088e00000|100%| O|  |TAMS 0x0000000088e00000, 0x0000000088d00000| Untracked 
| 142|0x0000000088e00000, 0x0000000088f00000, 0x0000000088f00000|100%| O|  |TAMS 0x0000000088f00000, 0x0000000088e00000| Untracked 
| 143|0x0000000088f00000, 0x0000000089000000, 0x0000000089000000|100%| O|  |TAMS 0x0000000089000000, 0x0000000088f00000| Complete 
| 144|0x0000000089000000, 0x0000000089100000, 0x0000000089100000|100%| O|  |TAMS 0x0000000089100000, 0x0000000089000000| Untracked 
| 145|0x0000000089100000, 0x0000000089200000, 0x0000000089200000|100%| O|  |TAMS 0x0000000089200000, 0x0000000089100000| Untracked 
| 146|0x0000000089200000, 0x0000000089300000, 0x0000000089300000|100%| O|  |TAMS 0x0000000089300000, 0x0000000089200000| Complete 
| 147|0x0000000089300000, 0x0000000089400000, 0x0000000089400000|100%| O|  |TAMS 0x0000000089400000, 0x0000000089300000| Complete 
| 148|0x0000000089400000, 0x0000000089400000, 0x0000000089500000|  0%| F|  |TAMS 0x0000000089400000, 0x0000000089400000| Untracked 
| 149|0x0000000089500000, 0x0000000089600000, 0x0000000089600000|100%| O|  |TAMS 0x0000000089500000, 0x0000000089500000| Untracked 
| 150|0x0000000089600000, 0x0000000089700000, 0x0000000089700000|100%| O|  |TAMS 0x0000000089600000, 0x0000000089600000| Untracked 
| 151|0x0000000089700000, 0x0000000089800000, 0x0000000089800000|100%| O|  |TAMS 0x0000000089700000, 0x0000000089700000| Untracked 
| 152|0x0000000089800000, 0x0000000089900000, 0x0000000089900000|100%| O|  |TAMS 0x0000000089800000, 0x0000000089800000| Untracked 
| 153|0x0000000089900000, 0x0000000089a00000, 0x0000000089a00000|100%| O|  |TAMS 0x0000000089900000, 0x0000000089900000| Untracked 
| 154|0x0000000089a00000, 0x0000000089b00000, 0x0000000089b00000|100%| O|  |TAMS 0x0000000089a00000, 0x0000000089a00000| Untracked 
| 155|0x0000000089b00000, 0x0000000089c00000, 0x0000000089c00000|100%| O|  |TAMS 0x0000000089b00000, 0x0000000089b00000| Untracked 
| 156|0x0000000089c00000, 0x0000000089d00000, 0x0000000089d00000|100%| O|  |TAMS 0x0000000089c00000, 0x0000000089c00000| Untracked 
| 157|0x0000000089d00000, 0x0000000089d00000, 0x0000000089e00000|  0%| F|  |TAMS 0x0000000089d00000, 0x0000000089d00000| Untracked 
| 158|0x0000000089e00000, 0x0000000089f00000, 0x0000000089f00000|100%| O|  |TAMS 0x0000000089f00000, 0x0000000089e00000| Complete 
| 159|0x0000000089f00000, 0x0000000089f00000, 0x000000008a000000|  0%| F|  |TAMS 0x0000000089f00000, 0x0000000089f00000| Untracked 
| 160|0x000000008a000000, 0x000000008a000000, 0x000000008a100000|  0%| F|  |TAMS 0x000000008a000000, 0x000000008a000000| Untracked 
| 161|0x000000008a100000, 0x000000008a1b6000, 0x000000008a200000| 71%| O|  |TAMS 0x000000008a100000, 0x000000008a100000| Untracked 
| 162|0x000000008a200000, 0x000000008a200000, 0x000000008a300000|  0%| F|  |TAMS 0x000000008a200000, 0x000000008a200000| Untracked 
| 163|0x000000008a300000, 0x000000008a300000, 0x000000008a400000|  0%| F|  |TAMS 0x000000008a300000, 0x000000008a300000| Untracked 
| 164|0x000000008a400000, 0x000000008a400000, 0x000000008a500000|  0%| F|  |TAMS 0x000000008a400000, 0x000000008a400000| Untracked 
| 165|0x000000008a500000, 0x000000008a500000, 0x000000008a600000|  0%| F|  |TAMS 0x000000008a500000, 0x000000008a500000| Untracked 
| 166|0x000000008a600000, 0x000000008a600000, 0x000000008a700000|  0%| F|  |TAMS 0x000000008a600000, 0x000000008a600000| Untracked 
| 167|0x000000008a700000, 0x000000008a700000, 0x000000008a800000|  0%| F|  |TAMS 0x000000008a700000, 0x000000008a700000| Untracked 
| 168|0x000000008a800000, 0x000000008a800000, 0x000000008a900000|  0%| F|  |TAMS 0x000000008a800000, 0x000000008a800000| Untracked 
| 169|0x000000008a900000, 0x000000008a900000, 0x000000008aa00000|  0%| F|  |TAMS 0x000000008a900000, 0x000000008a900000| Untracked 
| 170|0x000000008aa00000, 0x000000008aa00000, 0x000000008ab00000|  0%| F|  |TAMS 0x000000008aa00000, 0x000000008aa00000| Untracked 
| 171|0x000000008ab00000, 0x000000008ab00000, 0x000000008ac00000|  0%| F|  |TAMS 0x000000008ab00000, 0x000000008ab00000| Untracked 
| 172|0x000000008ac00000, 0x000000008ac00000, 0x000000008ad00000|  0%| F|  |TAMS 0x000000008ac00000, 0x000000008ac00000| Untracked 
| 173|0x000000008ad00000, 0x000000008ad00000, 0x000000008ae00000|  0%| F|  |TAMS 0x000000008ad00000, 0x000000008ad00000| Untracked 
| 174|0x000000008ae00000, 0x000000008ae00000, 0x000000008af00000|  0%| F|  |TAMS 0x000000008ae00000, 0x000000008ae00000| Untracked 
| 175|0x000000008af00000, 0x000000008af00000, 0x000000008b000000|  0%| F|  |TAMS 0x000000008af00000, 0x000000008af00000| Untracked 
| 176|0x000000008b000000, 0x000000008b000000, 0x000000008b100000|  0%| F|  |TAMS 0x000000008b000000, 0x000000008b000000| Untracked 
| 177|0x000000008b100000, 0x000000008b100000, 0x000000008b200000|  0%| F|  |TAMS 0x000000008b100000, 0x000000008b100000| Untracked 
| 178|0x000000008b200000, 0x000000008b200000, 0x000000008b300000|  0%| F|  |TAMS 0x000000008b200000, 0x000000008b200000| Untracked 
| 179|0x000000008b300000, 0x000000008b300000, 0x000000008b400000|  0%| F|  |TAMS 0x000000008b300000, 0x000000008b300000| Untracked 
| 180|0x000000008b400000, 0x000000008b400000, 0x000000008b500000|  0%| F|  |TAMS 0x000000008b400000, 0x000000008b400000| Untracked 
| 181|0x000000008b500000, 0x000000008b500000, 0x000000008b600000|  0%| F|  |TAMS 0x000000008b500000, 0x000000008b500000| Untracked 
| 182|0x000000008b600000, 0x000000008b600000, 0x000000008b700000|  0%| F|  |TAMS 0x000000008b600000, 0x000000008b600000| Untracked 
| 183|0x000000008b700000, 0x000000008b700000, 0x000000008b800000|  0%| F|  |TAMS 0x000000008b700000, 0x000000008b700000| Untracked 
| 184|0x000000008b800000, 0x000000008b800000, 0x000000008b900000|  0%| F|  |TAMS 0x000000008b800000, 0x000000008b800000| Untracked 
| 185|0x000000008b900000, 0x000000008b900000, 0x000000008ba00000|  0%| F|  |TAMS 0x000000008b900000, 0x000000008b900000| Untracked 
| 186|0x000000008ba00000, 0x000000008ba00000, 0x000000008bb00000|  0%| F|  |TAMS 0x000000008ba00000, 0x000000008ba00000| Untracked 
| 187|0x000000008bb00000, 0x000000008bb00000, 0x000000008bc00000|  0%| F|  |TAMS 0x000000008bb00000, 0x000000008bb00000| Untracked 
| 188|0x000000008bc00000, 0x000000008bc00000, 0x000000008bd00000|  0%| F|  |TAMS 0x000000008bc00000, 0x000000008bc00000| Untracked 
| 189|0x000000008bd00000, 0x000000008bd00000, 0x000000008be00000|  0%| F|  |TAMS 0x000000008bd00000, 0x000000008bd00000| Untracked 
| 190|0x000000008be00000, 0x000000008be00000, 0x000000008bf00000|  0%| F|  |TAMS 0x000000008be00000, 0x000000008be00000| Untracked 
| 191|0x000000008bf00000, 0x000000008bf00000, 0x000000008c000000|  0%| F|  |TAMS 0x000000008bf00000, 0x000000008bf00000| Untracked 
| 192|0x000000008c000000, 0x000000008c000000, 0x000000008c100000|  0%| F|  |TAMS 0x000000008c000000, 0x000000008c000000| Untracked 
| 193|0x000000008c100000, 0x000000008c100000, 0x000000008c200000|  0%| F|  |TAMS 0x000000008c100000, 0x000000008c100000| Untracked 
| 194|0x000000008c200000, 0x000000008c200000, 0x000000008c300000|  0%| F|  |TAMS 0x000000008c200000, 0x000000008c200000| Untracked 
| 195|0x000000008c300000, 0x000000008c300000, 0x000000008c400000|  0%| F|  |TAMS 0x000000008c300000, 0x000000008c300000| Untracked 
| 196|0x000000008c400000, 0x000000008c400000, 0x000000008c500000|  0%| F|  |TAMS 0x000000008c400000, 0x000000008c400000| Untracked 
| 197|0x000000008c500000, 0x000000008c500000, 0x000000008c600000|  0%| F|  |TAMS 0x000000008c500000, 0x000000008c500000| Untracked 
| 198|0x000000008c600000, 0x000000008c600000, 0x000000008c700000|  0%| F|  |TAMS 0x000000008c600000, 0x000000008c600000| Untracked 
| 199|0x000000008c700000, 0x000000008c700000, 0x000000008c800000|  0%| F|  |TAMS 0x000000008c700000, 0x000000008c700000| Untracked 
| 200|0x000000008c800000, 0x000000008c800000, 0x000000008c900000|  0%| F|  |TAMS 0x000000008c800000, 0x000000008c800000| Untracked 
| 201|0x000000008c900000, 0x000000008c900000, 0x000000008ca00000|  0%| F|  |TAMS 0x000000008c900000, 0x000000008c900000| Untracked 
| 202|0x000000008ca00000, 0x000000008ca00000, 0x000000008cb00000|  0%| F|  |TAMS 0x000000008ca00000, 0x000000008ca00000| Untracked 
| 203|0x000000008cb00000, 0x000000008cb00000, 0x000000008cc00000|  0%| F|  |TAMS 0x000000008cb00000, 0x000000008cb00000| Untracked 
| 204|0x000000008cc00000, 0x000000008cc00000, 0x000000008cd00000|  0%| F|  |TAMS 0x000000008cc00000, 0x000000008cc00000| Untracked 
| 205|0x000000008cd00000, 0x000000008cd00000, 0x000000008ce00000|  0%| F|  |TAMS 0x000000008cd00000, 0x000000008cd00000| Untracked 
| 206|0x000000008ce00000, 0x000000008ce00000, 0x000000008cf00000|  0%| F|  |TAMS 0x000000008ce00000, 0x000000008ce00000| Untracked 
| 207|0x000000008cf00000, 0x000000008cf00000, 0x000000008d000000|  0%| F|  |TAMS 0x000000008cf00000, 0x000000008cf00000| Untracked 
| 208|0x000000008d000000, 0x000000008d000000, 0x000000008d100000|  0%| F|  |TAMS 0x000000008d000000, 0x000000008d000000| Untracked 
| 209|0x000000008d100000, 0x000000008d100000, 0x000000008d200000|  0%| F|  |TAMS 0x000000008d100000, 0x000000008d100000| Untracked 
| 210|0x000000008d200000, 0x000000008d200000, 0x000000008d300000|  0%| F|  |TAMS 0x000000008d200000, 0x000000008d200000| Untracked 
| 211|0x000000008d300000, 0x000000008d300000, 0x000000008d400000|  0%| F|  |TAMS 0x000000008d300000, 0x000000008d300000| Untracked 
| 212|0x000000008d400000, 0x000000008d400000, 0x000000008d500000|  0%| F|  |TAMS 0x000000008d400000, 0x000000008d400000| Untracked 
| 213|0x000000008d500000, 0x000000008d500000, 0x000000008d600000|  0%| F|  |TAMS 0x000000008d500000, 0x000000008d500000| Untracked 
| 214|0x000000008d600000, 0x000000008d600000, 0x000000008d700000|  0%| F|  |TAMS 0x000000008d600000, 0x000000008d600000| Untracked 
| 215|0x000000008d700000, 0x000000008d700000, 0x000000008d800000|  0%| F|  |TAMS 0x000000008d700000, 0x000000008d700000| Untracked 
| 216|0x000000008d800000, 0x000000008d800000, 0x000000008d900000|  0%| F|  |TAMS 0x000000008d800000, 0x000000008d800000| Untracked 
| 217|0x000000008d900000, 0x000000008d900000, 0x000000008da00000|  0%| F|  |TAMS 0x000000008d900000, 0x000000008d900000| Untracked 
| 218|0x000000008da00000, 0x000000008da00000, 0x000000008db00000|  0%| F|  |TAMS 0x000000008da00000, 0x000000008da00000| Untracked 
| 219|0x000000008db00000, 0x000000008db00000, 0x000000008dc00000|  0%| F|  |TAMS 0x000000008db00000, 0x000000008db00000| Untracked 
| 220|0x000000008dc00000, 0x000000008dc00000, 0x000000008dd00000|  0%| F|  |TAMS 0x000000008dc00000, 0x000000008dc00000| Untracked 
| 221|0x000000008dd00000, 0x000000008dd00000, 0x000000008de00000|  0%| F|  |TAMS 0x000000008dd00000, 0x000000008dd00000| Untracked 
| 222|0x000000008de00000, 0x000000008de00000, 0x000000008df00000|  0%| F|  |TAMS 0x000000008de00000, 0x000000008de00000| Untracked 
| 223|0x000000008df00000, 0x000000008df00000, 0x000000008e000000|  0%| F|  |TAMS 0x000000008df00000, 0x000000008df00000| Untracked 
| 224|0x000000008e000000, 0x000000008e000000, 0x000000008e100000|  0%| F|  |TAMS 0x000000008e000000, 0x000000008e000000| Untracked 
| 225|0x000000008e100000, 0x000000008e100000, 0x000000008e200000|  0%| F|  |TAMS 0x000000008e100000, 0x000000008e100000| Untracked 
| 226|0x000000008e200000, 0x000000008e200000, 0x000000008e300000|  0%| F|  |TAMS 0x000000008e200000, 0x000000008e200000| Untracked 
| 227|0x000000008e300000, 0x000000008e300000, 0x000000008e400000|  0%| F|  |TAMS 0x000000008e300000, 0x000000008e300000| Untracked 
| 228|0x000000008e400000, 0x000000008e400000, 0x000000008e500000|  0%| F|  |TAMS 0x000000008e400000, 0x000000008e400000| Untracked 
| 229|0x000000008e500000, 0x000000008e500000, 0x000000008e600000|  0%| F|  |TAMS 0x000000008e500000, 0x000000008e500000| Untracked 
| 230|0x000000008e600000, 0x000000008e600000, 0x000000008e700000|  0%| F|  |TAMS 0x000000008e600000, 0x000000008e600000| Untracked 
| 231|0x000000008e700000, 0x000000008e700000, 0x000000008e800000|  0%| F|  |TAMS 0x000000008e700000, 0x000000008e700000| Untracked 
| 232|0x000000008e800000, 0x000000008e800000, 0x000000008e900000|  0%| F|  |TAMS 0x000000008e800000, 0x000000008e800000| Untracked 
| 233|0x000000008e900000, 0x000000008e900000, 0x000000008ea00000|  0%| F|  |TAMS 0x000000008e900000, 0x000000008e900000| Untracked 
| 234|0x000000008ea00000, 0x000000008ea00000, 0x000000008eb00000|  0%| F|  |TAMS 0x000000008ea00000, 0x000000008ea00000| Untracked 
| 235|0x000000008eb00000, 0x000000008eb00000, 0x000000008ec00000|  0%| F|  |TAMS 0x000000008eb00000, 0x000000008eb00000| Untracked 
| 236|0x000000008ec00000, 0x000000008ec00000, 0x000000008ed00000|  0%| F|  |TAMS 0x000000008ec00000, 0x000000008ec00000| Untracked 
| 237|0x000000008ed00000, 0x000000008ed00000, 0x000000008ee00000|  0%| F|  |TAMS 0x000000008ed00000, 0x000000008ed00000| Untracked 
| 238|0x000000008ee00000, 0x000000008ee00000, 0x000000008ef00000|  0%| F|  |TAMS 0x000000008ee00000, 0x000000008ee00000| Untracked 
| 239|0x000000008ef00000, 0x000000008ef00000, 0x000000008f000000|  0%| F|  |TAMS 0x000000008ef00000, 0x000000008ef00000| Untracked 
| 240|0x000000008f000000, 0x000000008f000000, 0x000000008f100000|  0%| F|  |TAMS 0x000000008f000000, 0x000000008f000000| Untracked 
| 241|0x000000008f100000, 0x000000008f100000, 0x000000008f200000|  0%| F|  |TAMS 0x000000008f100000, 0x000000008f100000| Untracked 
| 242|0x000000008f200000, 0x000000008f200000, 0x000000008f300000|  0%| F|  |TAMS 0x000000008f200000, 0x000000008f200000| Untracked 
| 243|0x000000008f300000, 0x000000008f300000, 0x000000008f400000|  0%| F|  |TAMS 0x000000008f300000, 0x000000008f300000| Untracked 
| 244|0x000000008f400000, 0x000000008f400000, 0x000000008f500000|  0%| F|  |TAMS 0x000000008f400000, 0x000000008f400000| Untracked 
| 245|0x000000008f500000, 0x000000008f500000, 0x000000008f600000|  0%| F|  |TAMS 0x000000008f500000, 0x000000008f500000| Untracked 
| 246|0x000000008f600000, 0x000000008f600000, 0x000000008f700000|  0%| F|  |TAMS 0x000000008f600000, 0x000000008f600000| Untracked 
| 247|0x000000008f700000, 0x000000008f700000, 0x000000008f800000|  0%| F|  |TAMS 0x000000008f700000, 0x000000008f700000| Untracked 
| 248|0x000000008f800000, 0x000000008f800000, 0x000000008f900000|  0%| F|  |TAMS 0x000000008f800000, 0x000000008f800000| Untracked 
| 249|0x000000008f900000, 0x000000008f900000, 0x000000008fa00000|  0%| F|  |TAMS 0x000000008f900000, 0x000000008f900000| Untracked 
| 250|0x000000008fa00000, 0x000000008fa00000, 0x000000008fb00000|  0%| F|  |TAMS 0x000000008fa00000, 0x000000008fa00000| Untracked 
| 251|0x000000008fb00000, 0x000000008fb00000, 0x000000008fc00000|  0%| F|  |TAMS 0x000000008fb00000, 0x000000008fb00000| Untracked 
| 252|0x000000008fc00000, 0x000000008fc00000, 0x000000008fd00000|  0%| F|  |TAMS 0x000000008fc00000, 0x000000008fc00000| Untracked 
| 253|0x000000008fd00000, 0x000000008fd00000, 0x000000008fe00000|  0%| F|  |TAMS 0x000000008fd00000, 0x000000008fd00000| Untracked 
| 254|0x000000008fe00000, 0x000000008fe00000, 0x000000008ff00000|  0%| F|  |TAMS 0x000000008fe00000, 0x000000008fe00000| Untracked 
| 255|0x000000008ff00000, 0x000000008ff00000, 0x0000000090000000|  0%| F|  |TAMS 0x000000008ff00000, 0x000000008ff00000| Untracked 
| 256|0x0000000090000000, 0x0000000090000000, 0x0000000090100000|  0%| F|  |TAMS 0x0000000090000000, 0x0000000090000000| Untracked 
| 257|0x0000000090100000, 0x0000000090100000, 0x0000000090200000|  0%| F|  |TAMS 0x0000000090100000, 0x0000000090100000| Untracked 
| 258|0x0000000090200000, 0x0000000090200000, 0x0000000090300000|  0%| F|  |TAMS 0x0000000090200000, 0x0000000090200000| Untracked 
| 259|0x0000000090300000, 0x0000000090300000, 0x0000000090400000|  0%| F|  |TAMS 0x0000000090300000, 0x0000000090300000| Untracked 
| 260|0x0000000090400000, 0x0000000090400000, 0x0000000090500000|  0%| F|  |TAMS 0x0000000090400000, 0x0000000090400000| Untracked 
| 261|0x0000000090500000, 0x0000000090500000, 0x0000000090600000|  0%| F|  |TAMS 0x0000000090500000, 0x0000000090500000| Untracked 
| 262|0x0000000090600000, 0x0000000090600000, 0x0000000090700000|  0%| F|  |TAMS 0x0000000090600000, 0x0000000090600000| Untracked 
| 263|0x0000000090700000, 0x0000000090700000, 0x0000000090800000|  0%| F|  |TAMS 0x0000000090700000, 0x0000000090700000| Untracked 
| 264|0x0000000090800000, 0x0000000090800000, 0x0000000090900000|  0%| F|  |TAMS 0x0000000090800000, 0x0000000090800000| Untracked 
| 265|0x0000000090900000, 0x0000000090900000, 0x0000000090a00000|  0%| F|  |TAMS 0x0000000090900000, 0x0000000090900000| Untracked 
| 266|0x0000000090a00000, 0x0000000090a00000, 0x0000000090b00000|  0%| F|  |TAMS 0x0000000090a00000, 0x0000000090a00000| Untracked 
| 267|0x0000000090b00000, 0x0000000090b00000, 0x0000000090c00000|  0%| F|  |TAMS 0x0000000090b00000, 0x0000000090b00000| Untracked 
| 268|0x0000000090c00000, 0x0000000090c00000, 0x0000000090d00000|  0%| F|  |TAMS 0x0000000090c00000, 0x0000000090c00000| Untracked 
| 269|0x0000000090d00000, 0x0000000090d00000, 0x0000000090e00000|  0%| F|  |TAMS 0x0000000090d00000, 0x0000000090d00000| Untracked 
| 270|0x0000000090e00000, 0x0000000090e00000, 0x0000000090f00000|  0%| F|  |TAMS 0x0000000090e00000, 0x0000000090e00000| Untracked 
| 271|0x0000000090f00000, 0x0000000090f00000, 0x0000000091000000|  0%| F|  |TAMS 0x0000000090f00000, 0x0000000090f00000| Untracked 
| 272|0x0000000091000000, 0x0000000091000000, 0x0000000091100000|  0%| F|  |TAMS 0x0000000091000000, 0x0000000091000000| Untracked 
| 273|0x0000000091100000, 0x0000000091100000, 0x0000000091200000|  0%| F|  |TAMS 0x0000000091100000, 0x0000000091100000| Untracked 
| 274|0x0000000091200000, 0x0000000091200000, 0x0000000091300000|  0%| F|  |TAMS 0x0000000091200000, 0x0000000091200000| Untracked 
| 275|0x0000000091300000, 0x0000000091300000, 0x0000000091400000|  0%| F|  |TAMS 0x0000000091300000, 0x0000000091300000| Untracked 
| 276|0x0000000091400000, 0x0000000091400000, 0x0000000091500000|  0%| F|  |TAMS 0x0000000091400000, 0x0000000091400000| Untracked 
| 277|0x0000000091500000, 0x0000000091500000, 0x0000000091600000|  0%| F|  |TAMS 0x0000000091500000, 0x0000000091500000| Untracked 
| 278|0x0000000091600000, 0x0000000091600000, 0x0000000091700000|  0%| F|  |TAMS 0x0000000091600000, 0x0000000091600000| Untracked 
| 279|0x0000000091700000, 0x0000000091700000, 0x0000000091800000|  0%| F|  |TAMS 0x0000000091700000, 0x0000000091700000| Untracked 
| 280|0x0000000091800000, 0x0000000091800000, 0x0000000091900000|  0%| F|  |TAMS 0x0000000091800000, 0x0000000091800000| Untracked 
| 281|0x0000000091900000, 0x0000000091900000, 0x0000000091a00000|  0%| F|  |TAMS 0x0000000091900000, 0x0000000091900000| Untracked 
| 282|0x0000000091a00000, 0x0000000091a00000, 0x0000000091b00000|  0%| F|  |TAMS 0x0000000091a00000, 0x0000000091a00000| Untracked 
| 283|0x0000000091b00000, 0x0000000091b00000, 0x0000000091c00000|  0%| F|  |TAMS 0x0000000091b00000, 0x0000000091b00000| Untracked 
| 284|0x0000000091c00000, 0x0000000091cf03d0, 0x0000000091d00000| 93%| S|CS|TAMS 0x0000000091c00000, 0x0000000091c00000| Complete 
| 285|0x0000000091d00000, 0x0000000091d00000, 0x0000000091e00000|  0%| F|  |TAMS 0x0000000091d00000, 0x0000000091d00000| Untracked 
| 286|0x0000000091e00000, 0x0000000091e00000, 0x0000000091f00000|  0%| F|  |TAMS 0x0000000091e00000, 0x0000000091e00000| Untracked 
| 287|0x0000000091f00000, 0x0000000091f00000, 0x0000000092000000|  0%| F|  |TAMS 0x0000000091f00000, 0x0000000091f00000| Untracked 
| 288|0x0000000092000000, 0x0000000092000000, 0x0000000092100000|  0%| F|  |TAMS 0x0000000092000000, 0x0000000092000000| Untracked 
| 289|0x0000000092100000, 0x0000000092100000, 0x0000000092200000|  0%| F|  |TAMS 0x0000000092100000, 0x0000000092100000| Untracked 
| 290|0x0000000092200000, 0x0000000092200000, 0x0000000092300000|  0%| F|  |TAMS 0x0000000092200000, 0x0000000092200000| Untracked 
| 291|0x0000000092300000, 0x0000000092300000, 0x0000000092400000|  0%| F|  |TAMS 0x0000000092300000, 0x0000000092300000| Untracked 
| 292|0x0000000092400000, 0x0000000092400000, 0x0000000092500000|  0%| F|  |TAMS 0x0000000092400000, 0x0000000092400000| Untracked 
| 293|0x0000000092500000, 0x0000000092500000, 0x0000000092600000|  0%| F|  |TAMS 0x0000000092500000, 0x0000000092500000| Untracked 
| 294|0x0000000092600000, 0x0000000092600000, 0x0000000092700000|  0%| F|  |TAMS 0x0000000092600000, 0x0000000092600000| Untracked 

Card table byte_map: [0x000002839a270000,0x000002839a670000] _byte_map_base: 0x0000028399e70000

Marking Bits (Prev, Next): (CMBitMap*) 0x0000028385149d58, (CMBitMap*) 0x0000028385149d90
 Prev Bits: [0x000002839aa70000, 0x000002839ca70000)
 Next Bits: [0x000002839ca70000, 0x000002839ea70000)

Polling page: 0x00000283851e0000

Metaspace:

Usage:
  Non-class:     84.55 MB capacity,    83.00 MB ( 98%) used,     1.31 MB (  2%) free+waste,   244.69 KB ( <1%) overhead. 
      Class:     12.68 MB capacity,    11.85 MB ( 93%) used,   736.73 KB (  6%) free+waste,   108.75 KB ( <1%) overhead. 
       Both:     97.23 MB capacity,    94.85 MB ( 98%) used,     2.03 MB (  2%) free+waste,   353.44 KB ( <1%) overhead. 

Virtual space:
  Non-class space:       86.00 MB reserved,      84.61 MB ( 98%) committed 
      Class space:        1.00 GB reserved,      12.75 MB (  1%) committed 
             Both:        1.08 GB reserved,      97.36 MB (  9%) committed 

Chunk freelists:
   Non-Class:  59.00 KB
       Class:  8.00 KB
        Both:  67.00 KB

MaxMetaspaceSize: 17179869184.00 GB
CompressedClassSpaceSize: 1.00 GB
Initial GC threshold: 20.80 MB
Current GC threshold: 160.39 MB
CDS: off

CodeHeap 'non-profiled nmethods': size=120000Kb used=7580Kb max_used=7580Kb free=112419Kb
 bounds [0x0000028391ee0000, 0x0000028392650000, 0x0000028399410000]
CodeHeap 'profiled nmethods': size=120000Kb used=29320Kb max_used=29320Kb free=90679Kb
 bounds [0x000002838a9b0000, 0x000002838c660000, 0x0000028391ee0000]
CodeHeap 'non-nmethods': size=5760Kb used=2350Kb max_used=2418Kb free=3409Kb
 bounds [0x000002838a410000, 0x000002838a680000, 0x000002838a9b0000]
 total_blobs=13767 nmethods=12904 adapters=774
 compilation: enabled
              stopped_count=0, restarted_count=0
 full_count=0

Compilation events (20 events):
Event: 41.460 Thread 0x00000283a1d89800 nmethod 13229 0x000002838c64a410 code [0x000002838c64a5c0, 0x000002838c64a6f8]
Event: 41.460 Thread 0x00000283a1d89800 13232       2       com.sun.tools.javac.jvm.ClassWriter::writeFlagAttrs (36 bytes)
Event: 41.461 Thread 0x00000283a1d89800 nmethod 13232 0x000002838c64a810 code [0x000002838c64aa00, 0x000002838c64ac18]
Event: 41.461 Thread 0x00000283a1d89800 13233       2       com.sun.tools.javac.jvm.ClassWriter::writeJavaAnnotations (282 bytes)
Event: 41.463 Thread 0x00000283a1d89800 nmethod 13233 0x000002838c64ae10 code [0x000002838c64b160, 0x000002838c64be98]
Event: 41.463 Thread 0x00000283a1d87000 nmethod 13161 0x0000028392645a10 code [0x0000028392645ba0, 0x0000028392645e98]
Event: 41.463 Thread 0x00000283a1d87000 13092       4       com.sun.tools.javac.comp.Resolve::findImmediateMemberType (86 bytes)
Event: 41.475 Thread 0x00000283a1d89800 13234   !   2       com.sun.tools.javac.comp.Flow$AssignAnalyzer::visitVarDef (119 bytes)
Event: 41.476 Thread 0x00000283a1d89800 nmethod 13234 0x000002838c64c710 code [0x000002838c64c920, 0x000002838c64ce38]
Event: 41.476 Thread 0x00000283a1d89800 13235   !   2       com.sun.tools.javac.comp.Flow$FlowAnalyzer::visitVarDef (67 bytes)
Event: 41.477 Thread 0x00000283a1d89800 nmethod 13235 0x000002838c64d290 code [0x000002838c64d480, 0x000002838c64d7d8]
Event: 41.477 Thread 0x00000283a1d89800 13238       2       com.sun.tools.javac.jvm.Gen::visitMethodDef (59 bytes)
Event: 41.479 Thread 0x00000283a1d89800 nmethod 13238 0x000002838c64da10 code [0x000002838c64dc80, 0x000002838c64e2e8]
Event: 41.479 Thread 0x00000283a1d89800 13236       2       com.sun.tools.javac.tree.TreeTranslator::translateTypeParams (34 bytes)
Event: 41.480 Thread 0x00000283a1d89800 nmethod 13236 0x000002838c64e710 code [0x000002838c64e8e0, 0x000002838c64eb48]
Event: 41.480 Thread 0x00000283a1d89800 13239       2       com.sun.tools.javac.jvm.ClassWriter::writeMethod (403 bytes)
Event: 41.480 Thread 0x00000283a1d87000 nmethod 13092 0x0000028392646010 code [0x0000028392646240, 0x0000028392646a30]
Event: 41.480 Thread 0x00000283a1d87000 13008       4       com.sun.tools.javac.tree.TreeScanner::visitVarDef (33 bytes)
Event: 41.487 Thread 0x00000283a1d89800 nmethod 13239 0x000002838c64ec90 code [0x000002838c64f1e0, 0x000002838c650be8]
Event: 41.488 Thread 0x00000283a1d89800 13241       2       com.sun.tools.javac.jvm.ClassWriter::writeParameterAttrs (209 bytes)

GC Heap History (20 events):
Event: 38.485 GC heap after
{Heap after GC invocations=53 (full 0):
 garbage-first heap   total 206848K, used 153707K [0x0000000080000000, 0x0000000100000000)
  region size 1024K, 3 young (3072K), 3 survivors (3072K)
 Metaspace       used 95542K, capacity 97896K, committed 98028K, reserved 1134592K
  class space    used 12009K, capacity 12845K, committed 12928K, reserved 1048576K
}
Event: 38.680 GC heap before
{Heap before GC invocations=54 (full 0):
 garbage-first heap   total 206848K, used 172139K [0x0000000080000000, 0x0000000100000000)
  region size 1024K, 21 young (21504K), 3 survivors (3072K)
 Metaspace       used 95591K, capacity 97968K, committed 98284K, reserved 1134592K
  class space    used 12009K, capacity 12845K, committed 12928K, reserved 1048576K
}
Event: 38.693 GC heap after
{Heap after GC invocations=55 (full 0):
 garbage-first heap   total 206848K, used 164042K [0x0000000080000000, 0x0000000100000000)
  region size 1024K, 3 young (3072K), 3 survivors (3072K)
 Metaspace       used 95591K, capacity 97968K, committed 98284K, reserved 1134592K
  class space    used 12009K, capacity 12845K, committed 12928K, reserved 1048576K
}
Event: 38.730 GC heap before
{Heap before GC invocations=55 (full 0):
 garbage-first heap   total 206848K, used 171210K [0x0000000080000000, 0x0000000100000000)
  region size 1024K, 10 young (10240K), 3 survivors (3072K)
 Metaspace       used 95591K, capacity 97968K, committed 98284K, reserved 1134592K
  class space    used 12009K, capacity 12845K, committed 12928K, reserved 1048576K
}
Event: 38.742 GC heap after
{Heap after GC invocations=56 (full 0):
 garbage-first heap   total 248832K, used 169732K [0x0000000080000000, 0x0000000100000000)
  region size 1024K, 2 young (2048K), 2 survivors (2048K)
 Metaspace       used 95591K, capacity 97968K, committed 98284K, reserved 1134592K
  class space    used 12009K, capacity 12845K, committed 12928K, reserved 1048576K
}
Event: 38.894 GC heap before
{Heap before GC invocations=56 (full 0):
 garbage-first heap   total 248832K, used 196356K [0x0000000080000000, 0x0000000100000000)
  region size 1024K, 28 young (28672K), 2 survivors (2048K)
 Metaspace       used 95608K, capacity 97970K, committed 98284K, reserved 1134592K
  class space    used 12009K, capacity 12845K, committed 12928K, reserved 1048576K
}
Event: 38.916 GC heap after
{Heap after GC invocations=57 (full 0):
 garbage-first heap   total 248832K, used 184141K [0x0000000080000000, 0x0000000100000000)
  region size 1024K, 4 young (4096K), 4 survivors (4096K)
 Metaspace       used 95608K, capacity 97970K, committed 98284K, reserved 1134592K
  class space    used 12009K, capacity 12845K, committed 12928K, reserved 1048576K
}
Event: 39.043 GC heap before
{Heap before GC invocations=57 (full 0):
 garbage-first heap   total 248832K, used 201549K [0x0000000080000000, 0x0000000100000000)
  region size 1024K, 21 young (21504K), 4 survivors (4096K)
 Metaspace       used 95608K, capacity 97970K, committed 98284K, reserved 1134592K
  class space    used 12009K, capacity 12845K, committed 12928K, reserved 1048576K
}
Event: 39.052 GC heap after
{Heap after GC invocations=58 (full 0):
 garbage-first heap   total 248832K, used 186519K [0x0000000080000000, 0x0000000100000000)
  region size 1024K, 2 young (2048K), 2 survivors (2048K)
 Metaspace       used 95608K, capacity 97970K, committed 98284K, reserved 1134592K
  class space    used 12009K, capacity 12845K, committed 12928K, reserved 1048576K
}
Event: 39.163 GC heap before
{Heap before GC invocations=58 (full 0):
 garbage-first heap   total 248832K, used 203927K [0x0000000080000000, 0x0000000100000000)
  region size 1024K, 19 young (19456K), 2 survivors (2048K)
 Metaspace       used 95610K, capacity 97970K, committed 98284K, reserved 1134592K
  class space    used 12009K, capacity 12845K, committed 12928K, reserved 1048576K
}
Event: 39.171 GC heap after
{Heap after GC invocations=59 (full 0):
 garbage-first heap   total 248832K, used 187567K [0x0000000080000000, 0x0000000100000000)
  region size 1024K, 3 young (3072K), 3 survivors (3072K)
 Metaspace       used 95610K, capacity 97970K, committed 98284K, reserved 1134592K
  class space    used 12009K, capacity 12845K, committed 12928K, reserved 1048576K
}
Event: 39.332 GC heap before
{Heap before GC invocations=60 (full 0):
 garbage-first heap   total 248832K, used 185519K [0x0000000080000000, 0x0000000100000000)
  region size 1024K, 21 young (21504K), 3 survivors (3072K)
 Metaspace       used 95621K, capacity 98036K, committed 98284K, reserved 1134592K
  class space    used 12009K, capacity 12845K, committed 12928K, reserved 1048576K
}
Event: 39.346 GC heap after
{Heap after GC invocations=61 (full 0):
 garbage-first heap   total 302080K, used 177845K [0x0000000080000000, 0x0000000100000000)
  region size 1024K, 3 young (3072K), 3 survivors (3072K)
 Metaspace       used 95621K, capacity 98036K, committed 98284K, reserved 1134592K
  class space    used 12009K, capacity 12845K, committed 12928K, reserved 1048576K
}
Event: 39.413 GC heap before
{Heap before GC invocations=61 (full 0):
 garbage-first heap   total 302080K, used 189109K [0x0000000080000000, 0x0000000100000000)
  region size 1024K, 14 young (14336K), 3 survivors (3072K)
 Metaspace       used 95630K, capacity 98045K, committed 98284K, reserved 1134592K
  class space    used 12009K, capacity 12845K, committed 12928K, reserved 1048576K
}
Event: 39.430 GC heap after
{Heap after GC invocations=62 (full 0):
 garbage-first heap   total 302080K, used 178878K [0x0000000080000000, 0x0000000100000000)
  region size 1024K, 2 young (2048K), 2 survivors (2048K)
 Metaspace       used 95630K, capacity 98045K, committed 98284K, reserved 1134592K
  class space    used 12009K, capacity 12845K, committed 12928K, reserved 1048576K
}
Event: 39.766 GC heap before
{Heap before GC invocations=62 (full 0):
 garbage-first heap   total 302080K, used 221886K [0x0000000080000000, 0x0000000100000000)
  region size 1024K, 44 young (45056K), 2 survivors (2048K)
 Metaspace       used 95688K, capacity 98110K, committed 98284K, reserved 1134592K
  class space    used 12014K, capacity 12845K, committed 12928K, reserved 1048576K
}
Event: 39.791 GC heap after
{Heap after GC invocations=63 (full 0):
 garbage-first heap   total 302080K, used 191708K [0x0000000080000000, 0x0000000100000000)
  region size 1024K, 6 young (6144K), 6 survivors (6144K)
 Metaspace       used 95688K, capacity 98110K, committed 98284K, reserved 1134592K
  class space    used 12014K, capacity 12845K, committed 12928K, reserved 1048576K
}
Event: 41.075 GC heap before
{Heap before GC invocations=64 (full 0):
 garbage-first heap   total 302080K, used 205824K [0x0000000080000000, 0x0000000100000000)
  region size 1024K, 44 young (45056K), 6 survivors (6144K)
 Metaspace       used 96941K, capacity 99364K, committed 99692K, reserved 1136640K
  class space    used 12137K, capacity 12983K, committed 13056K, reserved 1048576K
}
Event: 41.093 GC heap after
{Heap after GC invocations=65 (full 0):
 garbage-first heap   total 302080K, used 170497K [0x0000000080000000, 0x0000000100000000)
  region size 1024K, 4 young (4096K), 4 survivors (4096K)
 Metaspace       used 96941K, capacity 99364K, committed 99692K, reserved 1136640K
  class space    used 12137K, capacity 12983K, committed 13056K, reserved 1048576K
}
Event: 41.488 GC heap before
{Heap before GC invocations=65 (full 0):
 garbage-first heap   total 302080K, used 180737K [0x0000000080000000, 0x0000000100000000)
  region size 1024K, 14 young (14336K), 4 survivors (4096K)
 Metaspace       used 97131K, capacity 99561K, committed 99692K, reserved 1136640K
  class space    used 12138K, capacity 12984K, committed 13056K, reserved 1048576K
}

Deoptimization events (20 events):
Event: 41.000 Thread 0x00000283a7ba8800 DEOPT PACKING pc=0x000002839262f11c sp=0x000000de208f7e60
Event: 41.000 Thread 0x00000283a7ba8800 DEOPT UNPACKING pc=0x000002838a45a1af sp=0x000000de208f7da8 mode 2
Event: 41.000 Thread 0x00000283a7ba8800 Uncommon trap: trap_request=0xffffffde fr.pc=0x000002839262f11c relative=0x00000000000007fc
Event: 41.000 Thread 0x00000283a7ba8800 Uncommon trap: reason=class_check action=maybe_recompile pc=0x000002839262f11c method=com.sun.tools.javac.code.Types$13.visitClassType(Lcom/sun/tools/javac/code/Type$ClassType;Lcom/sun/tools/javac/code/Symbol;)Lcom/sun/tools/javac/code/Type; @ 44 c2
Event: 41.000 Thread 0x00000283a7ba8800 DEOPT PACKING pc=0x000002839262f11c sp=0x000000de208f8060
Event: 41.000 Thread 0x00000283a7ba8800 DEOPT UNPACKING pc=0x000002838a45a1af sp=0x000000de208f7fa8 mode 2
Event: 41.003 Thread 0x00000283a7ba8800 Uncommon trap: trap_request=0xffffff4d fr.pc=0x0000028392606018 relative=0x0000000000000078
Event: 41.003 Thread 0x00000283a7ba8800 Uncommon trap: reason=unstable_if action=reinterpret pc=0x0000028392606018 method=com.sun.tools.javac.util.JCDiagnostic$Factory.lambda$normalize$1(Ljava/lang/Object;)Ljava/lang/Object; @ 4 c2
Event: 41.003 Thread 0x00000283a7ba8800 DEOPT PACKING pc=0x0000028392606018 sp=0x000000de208f7a20
Event: 41.003 Thread 0x00000283a7ba8800 DEOPT UNPACKING pc=0x000002838a45a1af sp=0x000000de208f7948 mode 2
Event: 41.027 Thread 0x00000283a7ba8800 Uncommon trap: trap_request=0xffffff4d fr.pc=0x00000283924a3b58 relative=0x0000000000000518
Event: 41.027 Thread 0x00000283a7ba8800 Uncommon trap: reason=unstable_if action=reinterpret pc=0x00000283924a3b58 method=com.sun.tools.javac.util.ListBuffer.append(Ljava/lang/Object;)Lcom/sun/tools/javac/util/ListBuffer; @ 9 c2
Event: 41.027 Thread 0x00000283a7ba8800 DEOPT PACKING pc=0x00000283924a3b58 sp=0x000000de208f9f20
Event: 41.027 Thread 0x00000283a7ba8800 DEOPT UNPACKING pc=0x000002838a45a1af sp=0x000000de208f9ee8 mode 2
Event: 41.178 Thread 0x00000283a7ba8800 DEOPT PACKING pc=0x000002838bfcf4af sp=0x000000de208f86f0
Event: 41.178 Thread 0x00000283a7ba8800 DEOPT UNPACKING pc=0x000002838a45a95e sp=0x000000de208f7c10 mode 0
Event: 41.280 Thread 0x00000283a7ba8800 DEOPT PACKING pc=0x000002838b1c4e71 sp=0x000000de208fa030
Event: 41.280 Thread 0x00000283a7ba8800 DEOPT UNPACKING pc=0x000002838a45a95e sp=0x000000de208f9528 mode 0
Event: 41.439 Thread 0x00000283a7ba8800 DEOPT PACKING pc=0x000002838c2d722a sp=0x000000de208fa750
Event: 41.439 Thread 0x00000283a7ba8800 DEOPT UNPACKING pc=0x000002838a45a95e sp=0x000000de208f9bc8 mode 0

Classes redefined (0 events):
No events

Internal exceptions (20 events):
Event: 41.262 Thread 0x00000283a7ba8800 Exception <a 'sun/nio/fs/WindowsException'{0x00000000921a2128}> (0x00000000921a2128) thrown at [./src/hotspot/share/prims/jni.cpp, line 616]
Event: 41.268 Thread 0x00000283a7ba8800 Exception <a 'sun/nio/fs/WindowsException'{0x00000000921a8e08}> (0x00000000921a8e08) thrown at [./src/hotspot/share/prims/jni.cpp, line 616]
Event: 41.276 Thread 0x00000283a7ba8800 Exception <a 'sun/nio/fs/WindowsException'{0x00000000921ae920}> (0x00000000921ae920) thrown at [./src/hotspot/share/prims/jni.cpp, line 616]
Event: 41.283 Thread 0x00000283a7ba8800 Exception <a 'sun/nio/fs/WindowsException'{0x00000000921b4d58}> (0x00000000921b4d58) thrown at [./src/hotspot/share/prims/jni.cpp, line 616]
Event: 41.292 Thread 0x00000283a7ba8800 Exception <a 'sun/nio/fs/WindowsException'{0x00000000921bd1e8}> (0x00000000921bd1e8) thrown at [./src/hotspot/share/prims/jni.cpp, line 616]
Event: 41.301 Thread 0x00000283a7ba8800 Exception <a 'sun/nio/fs/WindowsException'{0x00000000921d6af0}> (0x00000000921d6af0) thrown at [./src/hotspot/share/prims/jni.cpp, line 616]
Event: 41.309 Thread 0x00000283a7ba8800 Exception <a 'sun/nio/fs/WindowsException'{0x00000000921dfed8}> (0x00000000921dfed8) thrown at [./src/hotspot/share/prims/jni.cpp, line 616]
Event: 41.316 Thread 0x00000283a7ba8800 Exception <a 'sun/nio/fs/WindowsException'{0x00000000921e6350}> (0x00000000921e6350) thrown at [./src/hotspot/share/prims/jni.cpp, line 616]
Event: 41.323 Thread 0x00000283a7ba8800 Exception <a 'sun/nio/fs/WindowsException'{0x00000000921eb778}> (0x00000000921eb778) thrown at [./src/hotspot/share/prims/jni.cpp, line 616]
Event: 41.334 Thread 0x00000283a7ba8800 Exception <a 'sun/nio/fs/WindowsException'{0x0000000092001110}> (0x0000000092001110) thrown at [./src/hotspot/share/prims/jni.cpp, line 616]
Event: 41.365 Thread 0x00000283a7ba8800 Exception <a 'sun/nio/fs/WindowsException'{0x0000000091fc69b8}> (0x0000000091fc69b8) thrown at [./src/hotspot/share/prims/jni.cpp, line 616]
Event: 41.365 Thread 0x00000283a7ba8800 Exception <a 'sun/nio/fs/WindowsException'{0x0000000091fc79d0}> (0x0000000091fc79d0) thrown at [./src/hotspot/share/prims/jni.cpp, line 616]
Event: 41.378 Thread 0x00000283a7ba8800 Exception <a 'sun/nio/fs/WindowsException'{0x0000000091fd9aa0}> (0x0000000091fd9aa0) thrown at [./src/hotspot/share/prims/jni.cpp, line 616]
Event: 41.396 Thread 0x00000283a7ba8800 Exception <a 'sun/nio/fs/WindowsException'{0x0000000091e143d8}> (0x0000000091e143d8) thrown at [./src/hotspot/share/prims/jni.cpp, line 616]
Event: 41.442 Thread 0x00000283a7ba8800 Exception <a 'sun/nio/fs/WindowsException'{0x0000000091d536e8}> (0x0000000091d536e8) thrown at [./src/hotspot/share/prims/jni.cpp, line 616]
Event: 41.448 Thread 0x00000283a7ba8800 Exception <a 'sun/nio/fs/WindowsException'{0x0000000091d5a6b8}> (0x0000000091d5a6b8) thrown at [./src/hotspot/share/prims/jni.cpp, line 616]
Event: 41.457 Thread 0x00000283a7ba8800 Exception <a 'sun/nio/fs/WindowsException'{0x0000000091d788a0}> (0x0000000091d788a0) thrown at [./src/hotspot/share/prims/jni.cpp, line 616]
Event: 41.465 Thread 0x00000283a7ba8800 Exception <a 'sun/nio/fs/WindowsException'{0x0000000091d8d8b0}> (0x0000000091d8d8b0) thrown at [./src/hotspot/share/prims/jni.cpp, line 616]
Event: 41.465 Thread 0x00000283a7ba8800 Exception <a 'sun/nio/fs/WindowsException'{0x0000000091d8e8b8}> (0x0000000091d8e8b8) thrown at [./src/hotspot/share/prims/jni.cpp, line 616]
Event: 41.477 Thread 0x00000283a7ba8800 Exception <a 'sun/nio/fs/WindowsException'{0x0000000091dcba98}> (0x0000000091dcba98) thrown at [./src/hotspot/share/prims/jni.cpp, line 616]

Events (20 events):
Event: 40.861 Executing VM operation: ICBufferFull done
Event: 40.916 Executing VM operation: ICBufferFull
Event: 40.917 Executing VM operation: ICBufferFull done
Event: 40.933 loading class com/sun/tools/javac/util/Filter
Event: 40.933 loading class com/sun/tools/javac/util/Filter done
Event: 40.934 loading class com/sun/tools/javac/code/Symbol
Event: 40.934 loading class com/sun/tools/javac/code/Symbol done
Event: 40.934 loading class com/sun/tools/javac/util/Filter
Event: 40.934 loading class com/sun/tools/javac/util/Filter done
Event: 41.062 Executing VM operation: ICBufferFull
Event: 41.063 Executing VM operation: ICBufferFull done
Event: 41.074 Executing VM operation: G1CollectForAllocation
Event: 41.093 Executing VM operation: G1CollectForAllocation done
Event: 41.404 Executing VM operation: ICBufferFull
Event: 41.405 Executing VM operation: ICBufferFull done
Event: 41.411 loading class com/sun/tools/javac/tree/JCTree
Event: 41.411 loading class com/sun/tools/javac/tree/JCTree done
Event: 41.411 loading class com/sun/tools/javac/comp/DeferredAttr
Event: 41.411 loading class com/sun/tools/javac/comp/DeferredAttr done
Event: 41.488 Executing VM operation: G1CollectForAllocation


Dynamic libraries:
0x00007ff66f850000 - 0x00007ff66f85a000 	C:\Program Files\Android\Android Studio1\jre\bin\java.exe
0x00007ffaa2650000 - 0x00007ffaa2848000 	C:\windows\SYSTEM32\ntdll.dll
0x00007ffaa15e0000 - 0x00007ffaa169d000 	C:\windows\System32\KERNEL32.DLL
0x00007ffa9ff50000 - 0x00007ffaa0222000 	C:\windows\System32\KERNELBASE.dll
0x00000000578f0000 - 0x0000000057985000 	C:\windows\System32\SYSFER.DLL
0x00007ffaa2560000 - 0x00007ffaa260e000 	C:\windows\System32\ADVAPI32.dll
0x00007ffaa24c0000 - 0x00007ffaa255e000 	C:\windows\System32\msvcrt.dll
0x00007ffaa0cb0000 - 0x00007ffaa0d4c000 	C:\windows\System32\sechost.dll
0x00007ffaa1910000 - 0x00007ffaa1a35000 	C:\windows\System32\RPCRT4.dll
0x00007ffaa0500000 - 0x00007ffaa0600000 	C:\windows\System32\ucrtbase.dll
0x00007ffa8d990000 - 0x00007ffa8d9a9000 	C:\Program Files\Android\Android Studio1\jre\bin\jli.dll
0x00007ffaa0b10000 - 0x00007ffaa0cad000 	C:\windows\System32\USER32.dll
0x00007ffaa03c0000 - 0x00007ffaa03e2000 	C:\windows\System32\win32u.dll
0x00007ffa89280000 - 0x00007ffa8951a000 	C:\windows\WinSxS\amd64_microsoft.windows.common-controls_6595b64144ccf1df_6.0.19041.1110_none_60b5254171f9507e\COMCTL32.dll
0x00007ffaa2490000 - 0x00007ffaa24bb000 	C:\windows\System32\GDI32.dll
0x00007ffaa03f0000 - 0x00007ffaa04ff000 	C:\windows\System32\gdi32full.dll
0x00007ffaa02d0000 - 0x00007ffaa036d000 	C:\windows\System32\msvcp_win.dll
0x00007ffa5bef0000 - 0x00007ffa5bf07000 	C:\Program Files\Android\Android Studio1\jre\bin\VCRUNTIME140.dll
0x00007ffaa18e0000 - 0x00007ffaa1910000 	C:\windows\System32\IMM32.DLL
0x00007ffa735a0000 - 0x00007ffa7363d000 	C:\Program Files\Android\Android Studio1\jre\bin\msvcp140.dll
0x00007ffa5bf10000 - 0x00007ffa5ca12000 	C:\Program Files\Android\Android Studio1\jre\bin\server\jvm.dll
0x00007ffaa2480000 - 0x00007ffaa2488000 	C:\windows\System32\PSAPI.DLL
0x00007ffa88d40000 - 0x00007ffa88d49000 	C:\windows\SYSTEM32\WSOCK32.dll
0x00007ffaa1c50000 - 0x00007ffaa1cbb000 	C:\windows\System32\WS2_32.dll
0x00007ffa94540000 - 0x00007ffa94567000 	C:\windows\SYSTEM32\WINMM.dll
0x00007ffa98eb0000 - 0x00007ffa98eba000 	C:\windows\SYSTEM32\VERSION.dll
0x00007ffa9e5b0000 - 0x00007ffa9e5c2000 	C:\windows\SYSTEM32\kernel.appcore.dll
0x00007ffa5bed0000 - 0x00007ffa5bee1000 	C:\Program Files\Android\Android Studio1\jre\bin\verify.dll
0x00007ffa9dbf0000 - 0x00007ffa9ddd4000 	C:\windows\SYSTEM32\DBGHELP.DLL
0x00007ffa8d5f0000 - 0x00007ffa8d61c000 	C:\windows\SYSTEM32\dbgcore.DLL
0x00007ffa9fd60000 - 0x00007ffa9fde2000 	C:\windows\System32\bcryptPrimitives.dll
0x00007ffa5bea0000 - 0x00007ffa5bec9000 	C:\Program Files\Android\Android Studio1\jre\bin\java.dll
0x00007ffa70960000 - 0x00007ffa7096b000 	C:\Program Files\Android\Android Studio1\jre\bin\jimage.dll
0x00007ffa5be80000 - 0x00007ffa5be98000 	C:\Program Files\Android\Android Studio1\jre\bin\zip.dll
0x00007ffaa1cc0000 - 0x00007ffaa2403000 	C:\windows\System32\SHELL32.dll
0x00007ffa9dde0000 - 0x00007ffa9e571000 	C:\windows\SYSTEM32\windows.storage.dll
0x00007ffaa1280000 - 0x00007ffaa15d4000 	C:\windows\System32\combase.dll
0x00007ffa9f6e0000 - 0x00007ffa9f710000 	C:\windows\SYSTEM32\Wldp.dll
0x00007ffaa0d60000 - 0x00007ffaa0e0d000 	C:\windows\System32\SHCORE.dll
0x00007ffaa17f0000 - 0x00007ffaa1845000 	C:\windows\System32\shlwapi.dll
0x00007ffa9fca0000 - 0x00007ffa9fcbf000 	C:\windows\SYSTEM32\profapi.dll
0x00007ffa73680000 - 0x00007ffa7369a000 	C:\Program Files\Android\Android Studio1\jre\bin\net.dll
0x00007ffa94210000 - 0x00007ffa9431d000 	C:\windows\SYSTEM32\WINHTTP.dll
0x00007ffa9f440000 - 0x00007ffa9f4aa000 	C:\windows\system32\mswsock.dll
0x00007ffa73660000 - 0x00007ffa73674000 	C:\Program Files\Android\Android Studio1\jre\bin\nio.dll
0x00007ffa988f0000 - 0x00007ffa98917000 	C:\Users\e10991\.gradle\native\f6784746aeab05261644944871eae4fe03e0ef1612fff0a4a95f87b438bc6780\windows-amd64\native-platform.dll
0x00007ffa73650000 - 0x00007ffa7365a000 	C:\Program Files\Android\Android Studio1\jre\bin\management.dll
0x00007ffa73640000 - 0x00007ffa7364d000 	C:\Program Files\Android\Android Studio1\jre\bin\management_ext.dll
0x00007ffa9f630000 - 0x00007ffa9f648000 	C:\windows\SYSTEM32\CRYPTSP.dll
0x00007ffa9ed60000 - 0x00007ffa9ed94000 	C:\windows\system32\rsaenh.dll
0x00007ffaa02a0000 - 0x00007ffaa02c7000 	C:\windows\System32\bcrypt.dll
0x00007ffa9fc60000 - 0x00007ffa9fc8e000 	C:\windows\SYSTEM32\USERENV.dll
0x00007ffa9f650000 - 0x00007ffa9f65c000 	C:\windows\SYSTEM32\CRYPTBASE.dll
0x00007ffa9f130000 - 0x00007ffa9f16b000 	C:\windows\SYSTEM32\IPHLPAPI.DLL
0x00007ffaa2470000 - 0x00007ffaa2478000 	C:\windows\System32\NSI.dll
0x00007ffa9a400000 - 0x00007ffa9a417000 	C:\windows\SYSTEM32\dhcpcsvc6.DLL
0x00007ffa9a3b0000 - 0x00007ffa9a3cd000 	C:\windows\SYSTEM32\dhcpcsvc.DLL
0x00007ffa9f180000 - 0x00007ffa9f24a000 	C:\windows\SYSTEM32\DNSAPI.dll
0x00007ffa9ac10000 - 0x00007ffa9ac1b000 	C:\windows\SYSTEM32\WINNSI.DLL

dbghelp: loaded successfully - version: 4.0.5 - missing functions: none
symbol engine: initialized successfully - sym options: 0x614 - pdb path: .;C:\Program Files\Android\Android Studio1\jre\bin;C:\windows\SYSTEM32;C:\windows\WinSxS\amd64_microsoft.windows.common-controls_6595b64144ccf1df_6.0.19041.1110_none_60b5254171f9507e;C:\Program Files\Android\Android Studio1\jre\bin\server;C:\Users\e10991\.gradle\native\f6784746aeab05261644944871eae4fe03e0ef1612fff0a4a95f87b438bc6780\windows-amd64

VM Arguments:
jvm_args: --add-opens=java.base/java.util=ALL-UNNAMED --add-opens=java.base/java.lang=ALL-UNNAMED --add-opens=java.base/java.lang.invoke=ALL-UNNAMED --add-opens=java.prefs/java.util.prefs=ALL-UNNAMED -Xmx2048m -Dfile.encoding=UTF-8 -Duser.country=IN -Duser.language=en -Duser.variant 
java_command: org.gradle.launcher.daemon.bootstrap.GradleDaemon 6.5
java_class_path (initial): C:\Users\e10991\.gradle\wrapper\dists\gradle-6.5-bin\6nifqtx7604sqp1q6g8wikw7p\gradle-6.5\lib\gradle-launcher-6.5.jar
Launcher Type: SUN_STANDARD

[Global flags]
     intx CICompilerCount                          = 4                                         {product} {ergonomic}
     uint ConcGCThreads                            = 2                                         {product} {ergonomic}
     uint G1ConcRefinementThreads                  = 8                                         {product} {ergonomic}
   size_t G1HeapRegionSize                         = 1048576                                   {product} {ergonomic}
    uintx GCDrainStackTargetSize                   = 64                                        {product} {ergonomic}
   size_t InitialHeapSize                          = 100663296                                 {product} {ergonomic}
   size_t MarkStackSize                            = 4194304                                   {product} {ergonomic}
   size_t MaxHeapSize                              = 2147483648                                {product} {command line}
   size_t MaxNewSize                               = 1287651328                                {product} {ergonomic}
   size_t MinHeapDeltaBytes                        = 1048576                                   {product} {ergonomic}
    uintx NonNMethodCodeHeapSize                   = 5836300                                {pd product} {ergonomic}
    uintx NonProfiledCodeHeapSize                  = 122910970                              {pd product} {ergonomic}
    uintx ProfiledCodeHeapSize                     = 122910970                              {pd product} {ergonomic}
    uintx ReservedCodeCacheSize                    = 251658240                              {pd product} {ergonomic}
     bool SegmentedCodeCache                       = true                                      {product} {ergonomic}
     bool UseCompressedClassPointers               = true                                 {lp64_product} {ergonomic}
     bool UseCompressedOops                        = true                                 {lp64_product} {ergonomic}
     bool UseG1GC                                  = true                                      {product} {ergonomic}
     bool UseLargePagesIndividualAllocation        = false                                  {pd product} {ergonomic}

Logging:
Log output configuration:
 #0: stdout all=warning uptime,level,tags
 #1: stderr all=off uptime,level,tags

Environment Variables:
PATH=C:\Program Files (x86)\Common Files\Oracle\Java\javapath;C:\Program Files\Common Files\Oracle\Java\javapath;C:\windows\system32;C:\windows;C:\windows\System32\Wbem;C:\windows\System32\WindowsPowerShell\v1.0\;C:\windows\System32\OpenSSH\;C:\Program Files\SQL Anywhere 17\bin64;C:\Program Files\SQL Anywhere 17\bin32;C:\Users\e10991\AppData\Local\Microsoft\WindowsApps;C:\Users\e10991\AppData\Local\Programs\Git\cmd
USERNAME=e10991
OS=Windows_NT
PROCESSOR_IDENTIFIER=AMD64 Family 23 Model 24 Stepping 1, AuthenticAMD



---------------  S Y S T E M  ---------------

OS: Windows 10 , 64 bit Build 19041 (10.0.19041.1889)
OS uptime: 0 days 6:32 hours

CPU:total 8 (initial active 8) (8 cores per cpu, 2 threads per core) family 23 model 24 stepping 1 microcode 0x0, cmov, cx8, fxsr, mmx, sse, sse2, sse3, ssse3, sse4.1, sse4.2, popcnt, avx, avx2, aes, clmul, mmxext, 3dnowpref, lzcnt, sse4a, ht, tsc, tscinvbit, tscinv, bmi1, bmi2, adx, sha, fma

Memory: 4k page, system-wide physical 6058M (382M free)
TotalPageFile size 24485M (AvailPageFile size 126M)
current process WorkingSet (physical memory assigned to process): 529M, peak: 537M
current process commit charge ("private bytes"): 610M, peak: 877M

vm_info: OpenJDK 64-Bit Server VM (11.0.13+0-b1751.21-8125866) for windows-amd64 JRE (11.0.13+0-b1751.21-8125866), built on Feb  2 2022 03:00:22 by "builder" with MS VC++ 14.0 (VS2015)

END.
