#
# There is insufficient memory for the Java Runtime Environment to continue.
# Native memory allocation (mmap) failed to map 100663296 bytes for Failed to commit area from 0x00000000a1400000 to 0x00000000a7400000 of length 100663296.
# Possible reasons:
#   The system is out of physical RAM or swap space
#   The process is running with CompressedOops enabled, and the Java Heap may be blocking the growth of the native heap
# Possible solutions:
#   Reduce memory load on the system
#   Increase physical memory or swap space
#   Check if swap backing store is full
#   Decrease Java heap size (-Xmx/-Xms)
#   Decrease number of Java threads
#   Decrease Java thread stack sizes (-Xss)
#   Set larger code cache with -XX:ReservedCodeCacheSize=
# This output file may be truncated or incomplete.
#
#  Out of Memory Error (./src/hotspot/os/windows/os_windows.cpp:3619), pid=4404, tid=18536
#
# JRE version:  (11.0.13) (build )
# Java VM: OpenJDK 64-Bit Server VM (11.0.13+0-b1751.21-8125866, mixed mode, sharing, tiered, compressed oops, g1 gc, windows-amd64)
# No core dump will be written. Minidumps are not enabled by default on client versions of Windows
#

---------------  S U M M A R Y ------------

Command Line: git4idea.http.GitAskPassApp Username for 'https://github.com': 

Host: AMD Ryzen 5 3500U with Radeon Vega Mobile Gfx  , 8 cores, 5G,  Windows 10 , 64 bit Build 19041 (10.0.19041.1889)
Time: Wed Oct 26 18:53:25 2022 India Standard Time elapsed time: 0.032350 seconds (0d 0h 0m 0s)

---------------  T H R E A D  ---------------

Current thread (0x000001ed0fb0c800):  JavaThread "Unknown thread" [_thread_in_vm, id=18536, stack(0x0000004808800000,0x0000004808900000)]

Stack: [0x0000004808800000,0x0000004808900000]
Native frames: (J=compiled Java code, j=interpreted, Vv=VM code, C=native code)
V  [jvm.dll+0x6100fa]
V  [jvm.dll+0x747090]
V  [jvm.dll+0x7486ad]
V  [jvm.dll+0x748d83]
V  [jvm.dll+0x24ab48]
V  [jvm.dll+0x60d164]
V  [jvm.dll+0x601e75]
V  [jvm.dll+0x308bdb]
V  [jvm.dll+0x308b4a]
V  [jvm.dll+0x308a22]
V  [jvm.dll+0x30d986]
V  [jvm.dll+0x357093]
V  [jvm.dll+0x357796]
V  [jvm.dll+0x357193]
V  [jvm.dll+0x2e3448]
V  [jvm.dll+0x2e45f7]
V  [jvm.dll+0x7242e7]
V  [jvm.dll+0x725adc]
V  [jvm.dll+0x364629]
V  [jvm.dll+0x707cee]
V  [jvm.dll+0x3d2633]
V  [jvm.dll+0x3d4a21]
C  [jli.dll+0x536b]
C  [ucrtbase.dll+0x21bb2]
C  [KERNEL32.DLL+0x17034]
C  [ntdll.dll+0x526a1]


---------------  P R O C E S S  ---------------

Threads class SMR info:
_java_thread_list=0x000001ed0d90d620, length=0, elements={
}

Java Threads: ( => current thread )

Other Threads:
  0x000001ed0fb22800 GCTaskThread "GC Thread#0" [stack: 0x0000004808900000,0x0000004808a00000] [id=11788]
  0x000001ed0fb49000 ConcurrentGCThread "G1 Main Marker" [stack: 0x0000004808a00000,0x0000004808b00000] [id=12916]
  0x000001ed0fb4a800 ConcurrentGCThread "G1 Conc#0" [stack: 0x0000004808b00000,0x0000004808c00000] [id=2008]

[error occurred during error reporting (printing all threads), id 0xc0000005, EXCEPTION_ACCESS_VIOLATION (0xc0000005) at pc=0x00007ff96f473dd7]

VM state:not at safepoint (not fully initialized)

VM Mutex/Monitor currently owned by a thread:  ([mutex/lock_event])
[0x000001ed0fb06b50] Heap_lock - owner thread: 0x000001ed0fb0c800

Heap address: 0x00000000a1400000, size: 1516 MB, Compressed Oops mode: Non-zero based: 0x00000000a1400000
Narrow klass base: 0x0000000000000000, Narrow klass shift: 0

GC Heap History (0 events):
No events

Deoptimization events (0 events):
No events

Classes redefined (0 events):
No events

Internal exceptions (0 events):
No events

Events (1 events):
Event: 0.020 Loaded shared library C:\Program Files\Android\Android Studio1\jre\bin\zip.dll


Dynamic libraries:
0x00007ff771750000 - 0x00007ff77175a000 	C:\Program Files\Android\Android Studio1\jre\bin\java.exe
0x00007ff9cde50000 - 0x00007ff9ce048000 	C:\windows\SYSTEM32\ntdll.dll
0x00007ff9cd800000 - 0x00007ff9cd8bd000 	C:\windows\System32\KERNEL32.DLL
0x00007ff9cb820000 - 0x00007ff9cbaf2000 	C:\windows\System32\KERNELBASE.dll
0x0000000067310000 - 0x00000000673a5000 	C:\windows\System32\SYSFER.DLL
0x00007ff9cc460000 - 0x00007ff9cc50e000 	C:\windows\System32\ADVAPI32.dll
0x00007ff9cc3b0000 - 0x00007ff9cc44e000 	C:\windows\System32\msvcrt.dll
0x00007ff9cd5a0000 - 0x00007ff9cd63c000 	C:\windows\System32\sechost.dll
0x00007ff9ccd90000 - 0x00007ff9cceb5000 	C:\windows\System32\RPCRT4.dll
0x00007ff9cbc80000 - 0x00007ff9cbd80000 	C:\windows\System32\ucrtbase.dll
0x00007ff9b2840000 - 0x00007ff9b2857000 	C:\Program Files\Android\Android Studio1\jre\bin\VCRUNTIME140.dll
0x00007ff9c5c20000 - 0x00007ff9c5c39000 	C:\Program Files\Android\Android Studio1\jre\bin\jli.dll
0x00007ff9cbeb0000 - 0x00007ff9cc04d000 	C:\windows\System32\USER32.dll
0x00007ff9cbbb0000 - 0x00007ff9cbbd2000 	C:\windows\System32\win32u.dll
0x00007ff9b2bd0000 - 0x00007ff9b2e6a000 	C:\windows\WinSxS\amd64_microsoft.windows.common-controls_6595b64144ccf1df_6.0.19041.1110_none_60b5254171f9507e\COMCTL32.dll
0x00007ff9cced0000 - 0x00007ff9ccefb000 	C:\windows\System32\GDI32.dll
0x00007ff9cb560000 - 0x00007ff9cb66f000 	C:\windows\System32\gdi32full.dll
0x00007ff9cbbe0000 - 0x00007ff9cbc7d000 	C:\windows\System32\msvcp_win.dll
0x00007ff9cd700000 - 0x00007ff9cd730000 	C:\windows\System32\IMM32.DLL
0x00007ff95d3e0000 - 0x00007ff95d47d000 	C:\Program Files\Android\Android Studio1\jre\bin\msvcp140.dll
0x00007ff96f180000 - 0x00007ff96fc82000 	C:\Program Files\Android\Android Studio1\jre\bin\server\jvm.dll
0x00007ff9cc190000 - 0x00007ff9cc198000 	C:\windows\System32\PSAPI.DLL
0x00007ff9ad8b0000 - 0x00007ff9ad8b9000 	C:\windows\SYSTEM32\WSOCK32.dll
0x00007ff9cc2b0000 - 0x00007ff9cc31b000 	C:\windows\System32\WS2_32.dll
0x00007ff9be4c0000 - 0x00007ff9be4e7000 	C:\windows\SYSTEM32\WINMM.dll
0x00007ff9c3960000 - 0x00007ff9c396a000 	C:\windows\SYSTEM32\VERSION.dll
0x00007ff9c9db0000 - 0x00007ff9c9dc2000 	C:\windows\SYSTEM32\kernel.appcore.dll
0x00007ff9b2820000 - 0x00007ff9b2831000 	C:\Program Files\Android\Android Studio1\jre\bin\verify.dll
0x00007ff9c93f0000 - 0x00007ff9c95d4000 	C:\windows\SYSTEM32\DBGHELP.DLL
0x00007ff9b3020000 - 0x00007ff9b304c000 	C:\windows\SYSTEM32\dbgcore.DLL
0x00007ff9cbd80000 - 0x00007ff9cbe02000 	C:\windows\System32\bcryptPrimitives.dll
0x00007ff9b27f0000 - 0x00007ff9b2819000 	C:\Program Files\Android\Android Studio1\jre\bin\java.dll
0x00007ff9b27e0000 - 0x00007ff9b27eb000 	C:\Program Files\Android\Android Studio1\jre\bin\jimage.dll
0x00007ff9b27c0000 - 0x00007ff9b27d8000 	C:\Program Files\Android\Android Studio1\jre\bin\zip.dll

dbghelp: loaded successfully - version: 4.0.5 - missing functions: none
symbol engine: initialized successfully - sym options: 0x614 - pdb path: .;C:\Program Files\Android\Android Studio1\jre\bin;C:\windows\SYSTEM32;C:\windows\WinSxS\amd64_microsoft.windows.common-controls_6595b64144ccf1df_6.0.19041.1110_none_60b5254171f9507e;C:\Program Files\Android\Android Studio1\jre\bin\server

VM Arguments:
java_command: git4idea.http.GitAskPassApp Username for 'https://github.com': 
java_class_path (initial): C:/Program Files/Android/Android Studio1/plugins/git4idea/lib/git4idea-rt.jar;C:/Program Files/Android/Android Studio1/lib/3rd-party.jar;C:/Program Files/Android/Android Studio1/lib/3rd-party-rt.jar
Launcher Type: SUN_STANDARD

[Global flags]
     intx CICompilerCount                          = 4                                         {product} {ergonomic}
     uint ConcGCThreads                            = 2                                         {product} {ergonomic}
     uint G1ConcRefinementThreads                  = 8                                         {product} {ergonomic}
   size_t G1HeapRegionSize                         = 1048576                                   {product} {ergonomic}
    uintx GCDrainStackTargetSize                   = 64                                        {product} {ergonomic}
   size_t InitialHeapSize                          = 100663296                                 {product} {ergonomic}
   size_t MarkStackSize                            = 4194304                                   {product} {ergonomic}
   size_t MaxHeapSize                              = 1589641216                                {product} {ergonomic}
   size_t MinHeapDeltaBytes                        = 1048576                                   {product} {ergonomic}
    uintx NonNMethodCodeHeapSize                   = 5836300                                {pd product} {ergonomic}
    uintx NonProfiledCodeHeapSize                  = 122910970                              {pd product} {ergonomic}
    uintx ProfiledCodeHeapSize                     = 122910970                              {pd product} {ergonomic}
    uintx ReservedCodeCacheSize                    = 251658240                              {pd product} {ergonomic}
     bool SegmentedCodeCache                       = true                                      {product} {ergonomic}
     bool UseCompressedClassPointers               = true                                 {lp64_product} {ergonomic}
     bool UseCompressedOops                        = true                                 {lp64_product} {ergonomic}
     bool UseG1GC                                  = true                                      {product} {ergonomic}
     bool UseLargePagesIndividualAllocation        = false                                  {pd product} {ergonomic}

Logging:
Log output configuration:
 #0: stdout all=warning uptime,level,tags
 #1: stderr all=off uptime,level,tags

Environment Variables:
PATH=C:/Users/e10991/AppData/Local/Programs/Git/mingw64/libexec/git-core;C:/Users/e10991/AppData/Local/Programs/Git/mingw64/libexec/git-core;C:\Users\e10991\AppData\Local\Programs\Git\mingw64\bin;C:\Users\e10991\AppData\Local\Programs\Git\usr\bin;C:\Users\e10991\bin;C:\Program Files (x86)\Common Files\Oracle\Java\javapath;C:\Program Files\Common Files\Oracle\Java\javapath;C:\windows\system32;C:\windows;C:\windows\System32\Wbem;C:\windows\System32\WindowsPowerShell\v1.0\;C:\windows\System32\OpenSSH\;C:\Program Files\SQL Anywhere 17\bin64;C:\Program Files\SQL Anywhere 17\bin32;C:\Users\e10991\AppData\Local\Microsoft\WindowsApps;C:\Users\e10991\AppData\Local\Programs\Git\cmd
USERNAME=e10991
DISPLAY=:0.0
LC_ALL=en_US.UTF-8
OS=Windows_NT
PROCESSOR_IDENTIFIER=AMD64 Family 23 Model 24 Stepping 1, AuthenticAMD



---------------  S Y S T E M  ---------------

OS: Windows 10 , 64 bit Build 19041 (10.0.19041.1889)
OS uptime: 0 days 3:48 hours

CPU:total 8 (initial active 8) (8 cores per cpu, 2 threads per core) family 23 model 24 stepping 1 microcode 0x0, cmov, cx8, fxsr, mmx, sse, sse2, sse3, ssse3, sse4.1, sse4.2, popcnt, avx, avx2, aes, clmul, mmxext, 3dnowpref, lzcnt, sse4a, ht, tsc, tscinvbit, tscinv, bmi1, bmi2, adx, sha, fma

Memory: 4k page, system-wide physical 6058M (294M free)
TotalPageFile size 24490M (AvailPageFile size 52M)
current process WorkingSet (physical memory assigned to process): 10M, peak: 10M
current process commit charge ("private bytes"): 60M, peak: 156M

vm_info: OpenJDK 64-Bit Server VM (11.0.13+0-b1751.21-8125866) for windows-amd64 JRE (11.0.13+0-b1751.21-8125866), built on Feb  2 2022 03:00:22 by "builder" with MS VC++ 14.0 (VS2015)

END.
